[0.030s] Invoking command in '/home/mcifuentesf/ros_ws/build/cmd_vel_mux': CMAKE_PREFIX_PATH=${CMAKE_PREFIX_PATH}:/home/mcifuentesf/ros2_ws/install/py_pubsub:/home/mcifuentesf/ros2_ws/install/my_turtlebot:/home/mcifuentesf/ros2_ws/install/mi_chatter_pkg:/opt/ros/humble /usr/bin/cmake --build /home/mcifuentesf/ros_ws/build/cmd_vel_mux -- -j8 -l8
[0.080s] [ 50%] Built target cmd_vel_mux
[0.081s] [100%] Built target cmd_vel_mux_node
[0.091s] Invoked command in '/home/mcifuentesf/ros_ws/build/cmd_vel_mux' returned '0': CMAKE_PREFIX_PATH=${CMAKE_PREFIX_PATH}:/home/mcifuentesf/ros2_ws/install/py_pubsub:/home/mcifuentesf/ros2_ws/install/my_turtlebot:/home/mcifuentesf/ros2_ws/install/mi_chatter_pkg:/opt/ros/humble /usr/bin/cmake --build /home/mcifuentesf/ros_ws/build/cmd_vel_mux -- -j8 -l8
[0.095s] Invoking command in '/home/mcifuentesf/ros_ws/build/cmd_vel_mux': CMAKE_PREFIX_PATH=${CMAKE_PREFIX_PATH}:/home/mcifuentesf/ros2_ws/install/py_pubsub:/home/mcifuentesf/ros2_ws/install/my_turtlebot:/home/mcifuentesf/ros2_ws/install/mi_chatter_pkg:/opt/ros/humble /usr/bin/cmake --install /home/mcifuentesf/ros_ws/build/cmd_vel_mux
[0.103s] -- Install configuration: ""
[0.103s] -- Execute custom install script
[0.104s] -- Up-to-date symlink: /home/mcifuentesf/ros_ws/install/cmd_vel_mux/lib/cmd_vel_mux/cmd_vel_mux_node
[0.104s] -- Up-to-date symlink: /home/mcifuentesf/ros_ws/install/cmd_vel_mux/lib/libcmd_vel_mux.so
[0.104s] -- Up-to-date symlink: /home/mcifuentesf/ros_ws/install/cmd_vel_mux/include/cmd_vel_mux/cmd_vel_mux.hpp
[0.104s] -- Up-to-date symlink: /home/mcifuentesf/ros_ws/install/cmd_vel_mux/share/cmd_vel_mux/config/cmd_vel_mux_params.yaml
[0.105s] -- Up-to-date symlink: /home/mcifuentesf/ros_ws/install/cmd_vel_mux/share/cmd_vel_mux/launch/cmd_vel_mux-composed-launch.py
[0.105s] -- Up-to-date symlink: /home/mcifuentesf/ros_ws/install/cmd_vel_mux/share/cmd_vel_mux/launch/cmd_vel_mux-launch.py
[0.106s] -- Up-to-date symlink: /home/mcifuentesf/ros_ws/install/cmd_vel_mux/share/ament_index/resource_index/package_run_dependencies/cmd_vel_mux
[0.106s] -- Up-to-date symlink: /home/mcifuentesf/ros_ws/install/cmd_vel_mux/share/ament_index/resource_index/parent_prefix_path/cmd_vel_mux
[0.106s] -- Up-to-date symlink: /home/mcifuentesf/ros_ws/install/cmd_vel_mux/share/cmd_vel_mux/environment/ament_prefix_path.sh
[0.106s] -- Up-to-date symlink: /home/mcifuentesf/ros_ws/install/cmd_vel_mux/share/cmd_vel_mux/environment/ament_prefix_path.dsv
[0.107s] -- Up-to-date symlink: /home/mcifuentesf/ros_ws/install/cmd_vel_mux/share/cmd_vel_mux/environment/path.sh
[0.107s] -- Up-to-date symlink: /home/mcifuentesf/ros_ws/install/cmd_vel_mux/share/cmd_vel_mux/environment/path.dsv
[0.107s] -- Up-to-date symlink: /home/mcifuentesf/ros_ws/install/cmd_vel_mux/share/cmd_vel_mux/local_setup.bash
[0.107s] -- Up-to-date symlink: /home/mcifuentesf/ros_ws/install/cmd_vel_mux/share/cmd_vel_mux/local_setup.sh
[0.108s] -- Up-to-date symlink: /home/mcifuentesf/ros_ws/install/cmd_vel_mux/share/cmd_vel_mux/local_setup.zsh
[0.108s] -- Up-to-date symlink: /home/mcifuentesf/ros_ws/install/cmd_vel_mux/share/cmd_vel_mux/local_setup.dsv
[0.108s] -- Symlinking: /home/mcifuentesf/ros_ws/install/cmd_vel_mux/share/cmd_vel_mux/package.dsv
[0.117s] -- Up-to-date symlink: /home/mcifuentesf/ros_ws/install/cmd_vel_mux/share/ament_index/resource_index/packages/cmd_vel_mux
[0.117s] -- Up-to-date symlink: /home/mcifuentesf/ros_ws/install/cmd_vel_mux/share/ament_index/resource_index/rclcpp_components/cmd_vel_mux
[0.117s] -- Up-to-date symlink: /home/mcifuentesf/ros_ws/install/cmd_vel_mux/share/cmd_vel_mux/cmake/cmd_vel_muxConfig.cmake
[0.117s] -- Up-to-date symlink: /home/mcifuentesf/ros_ws/install/cmd_vel_mux/share/cmd_vel_mux/cmake/cmd_vel_muxConfig-version.cmake
[0.118s] -- Up-to-date symlink: /home/mcifuentesf/ros_ws/install/cmd_vel_mux/share/cmd_vel_mux/package.xml
[0.128s] Invoked command in '/home/mcifuentesf/ros_ws/build/cmd_vel_mux' returned '0': CMAKE_PREFIX_PATH=${CMAKE_PREFIX_PATH}:/home/mcifuentesf/ros2_ws/install/py_pubsub:/home/mcifuentesf/ros2_ws/install/my_turtlebot:/home/mcifuentesf/ros2_ws/install/mi_chatter_pkg:/opt/ros/humble /usr/bin/cmake --install /home/mcifuentesf/ros_ws/build/cmd_vel_mux
