[0.134s] DEBUG:colcon:Command line arguments: ['/usr/bin/colcon', 'build', '--symlink-install']
[0.134s] DEBUG:colcon:Parsed command line arguments: Namespace(log_base=None, log_level=None, verb_name='build', build_base='build', install_base='install', merge_install=False, symlink_install=True, test_result_base=None, continue_on_error=False, executor='parallel', parallel_workers=8, event_handlers=None, ignore_user_meta=False, metas=['./colcon.meta'], base_paths=['.'], packages_ignore=None, packages_ignore_regex=None, paths=None, packages_up_to=None, packages_up_to_regex=None, packages_above=None, packages_above_and_dependencies=None, packages_above_depth=None, packages_select_by_dep=None, packages_skip_by_dep=None, packages_skip_up_to=None, packages_select_build_failed=False, packages_skip_build_finished=False, packages_select_test_failures=False, packages_skip_test_passed=False, packages_select=None, packages_skip=None, packages_select_regex=None, packages_skip_regex=None, packages_start=None, packages_end=None, allow_overriding=[], cmake_args=None, cmake_target=None, cmake_target_skip_unavailable=False, cmake_clean_cache=False, cmake_clean_first=False, cmake_force_configure=False, ament_cmake_args=None, catkin_cmake_args=None, catkin_skip_building_tests=False, mixin_files=None, mixin=None, verb_parser=<colcon_mixin.mixin.mixin_argument.MixinArgumentDecorator object at 0x7f173d55b550>, verb_extension=<colcon_core.verb.build.BuildVerb object at 0x7f173d55afe0>, main=<bound method BuildVerb.main of <colcon_core.verb.build.BuildVerb object at 0x7f173d55afe0>>, mixin_verb=('build',))
[0.386s] Level 1:colcon.colcon_core.package_discovery:discover_packages(colcon_meta) check parameters
[0.386s] Level 1:colcon.colcon_core.package_discovery:discover_packages(recursive) check parameters
[0.386s] Level 1:colcon.colcon_core.package_discovery:discover_packages(ignore) check parameters
[0.386s] Level 1:colcon.colcon_core.package_discovery:discover_packages(path) check parameters
[0.386s] Level 1:colcon.colcon_core.package_discovery:discover_packages(colcon_meta) discover
[0.386s] Level 1:colcon.colcon_core.package_discovery:discover_packages(recursive) discover
[0.386s] INFO:colcon.colcon_core.package_discovery:Crawling recursively for packages in '/home/mcifuentesf/ros_ws'
[0.392s] Level 1:colcon.colcon_core.package_identification:_identify(.) by extensions ['ignore', 'ignore_ament_install']
[0.392s] Level 1:colcon.colcon_core.package_identification:_identify(.) by extension 'ignore'
[0.392s] Level 1:colcon.colcon_core.package_identification:_identify(.) by extension 'ignore_ament_install'
[0.392s] Level 1:colcon.colcon_core.package_identification:_identify(.) by extensions ['colcon_pkg']
[0.392s] Level 1:colcon.colcon_core.package_identification:_identify(.) by extension 'colcon_pkg'
[0.392s] Level 1:colcon.colcon_core.package_identification:_identify(.) by extensions ['colcon_meta']
[0.392s] Level 1:colcon.colcon_core.package_identification:_identify(.) by extension 'colcon_meta'
[0.392s] Level 1:colcon.colcon_core.package_identification:_identify(.) by extensions ['ros']
[0.392s] Level 1:colcon.colcon_core.package_identification:_identify(.) by extension 'ros'
[0.400s] Level 1:colcon.colcon_core.package_identification:_identify(.) by extensions ['cmake', 'python']
[0.400s] Level 1:colcon.colcon_core.package_identification:_identify(.) by extension 'cmake'
[0.400s] Level 1:colcon.colcon_core.package_identification:_identify(.) by extension 'python'
[0.400s] Level 1:colcon.colcon_core.package_identification:_identify(.) by extensions ['python_setup_py']
[0.400s] Level 1:colcon.colcon_core.package_identification:_identify(.) by extension 'python_setup_py'
[0.401s] Level 1:colcon.colcon_core.package_identification:_identify(build) by extensions ['ignore', 'ignore_ament_install']
[0.401s] Level 1:colcon.colcon_core.package_identification:_identify(build) by extension 'ignore'
[0.401s] Level 1:colcon.colcon_core.package_identification:_identify(build) ignored
[0.401s] Level 1:colcon.colcon_core.package_identification:_identify(install) by extensions ['ignore', 'ignore_ament_install']
[0.401s] Level 1:colcon.colcon_core.package_identification:_identify(install) by extension 'ignore'
[0.401s] Level 1:colcon.colcon_core.package_identification:_identify(install) ignored
[0.401s] Level 1:colcon.colcon_core.package_identification:_identify(log) by extensions ['ignore', 'ignore_ament_install']
[0.401s] Level 1:colcon.colcon_core.package_identification:_identify(log) by extension 'ignore'
[0.401s] Level 1:colcon.colcon_core.package_identification:_identify(log) ignored
[0.402s] Level 1:colcon.colcon_core.package_identification:_identify(src) by extensions ['ignore', 'ignore_ament_install']
[0.402s] Level 1:colcon.colcon_core.package_identification:_identify(src) by extension 'ignore'
[0.402s] Level 1:colcon.colcon_core.package_identification:_identify(src) by extension 'ignore_ament_install'
[0.402s] Level 1:colcon.colcon_core.package_identification:_identify(src) by extensions ['colcon_pkg']
[0.402s] Level 1:colcon.colcon_core.package_identification:_identify(src) by extension 'colcon_pkg'
[0.402s] Level 1:colcon.colcon_core.package_identification:_identify(src) by extensions ['colcon_meta']
[0.402s] Level 1:colcon.colcon_core.package_identification:_identify(src) by extension 'colcon_meta'
[0.402s] Level 1:colcon.colcon_core.package_identification:_identify(src) by extensions ['ros']
[0.402s] Level 1:colcon.colcon_core.package_identification:_identify(src) by extension 'ros'
[0.402s] Level 1:colcon.colcon_core.package_identification:_identify(src) by extensions ['cmake', 'python']
[0.402s] Level 1:colcon.colcon_core.package_identification:_identify(src) by extension 'cmake'
[0.402s] Level 1:colcon.colcon_core.package_identification:_identify(src) by extension 'python'
[0.402s] Level 1:colcon.colcon_core.package_identification:_identify(src) by extensions ['python_setup_py']
[0.402s] Level 1:colcon.colcon_core.package_identification:_identify(src) by extension 'python_setup_py'
[0.403s] Level 1:colcon.colcon_core.package_identification:_identify(src/cmd_vel_mux) by extensions ['ignore', 'ignore_ament_install']
[0.403s] Level 1:colcon.colcon_core.package_identification:_identify(src/cmd_vel_mux) by extension 'ignore'
[0.403s] Level 1:colcon.colcon_core.package_identification:_identify(src/cmd_vel_mux) by extension 'ignore_ament_install'
[0.403s] Level 1:colcon.colcon_core.package_identification:_identify(src/cmd_vel_mux) by extensions ['colcon_pkg']
[0.403s] Level 1:colcon.colcon_core.package_identification:_identify(src/cmd_vel_mux) by extension 'colcon_pkg'
[0.403s] Level 1:colcon.colcon_core.package_identification:_identify(src/cmd_vel_mux) by extensions ['colcon_meta']
[0.403s] Level 1:colcon.colcon_core.package_identification:_identify(src/cmd_vel_mux) by extension 'colcon_meta'
[0.403s] Level 1:colcon.colcon_core.package_identification:_identify(src/cmd_vel_mux) by extensions ['ros']
[0.403s] Level 1:colcon.colcon_core.package_identification:_identify(src/cmd_vel_mux) by extension 'ros'
[0.405s] DEBUG:colcon.colcon_core.package_identification:Package 'src/cmd_vel_mux' with type 'ros.ament_cmake' and name 'cmd_vel_mux'
[0.406s] Level 1:colcon.colcon_core.package_identification:_identify(src/iic_lab1) by extensions ['ignore', 'ignore_ament_install']
[0.406s] Level 1:colcon.colcon_core.package_identification:_identify(src/iic_lab1) by extension 'ignore'
[0.406s] Level 1:colcon.colcon_core.package_identification:_identify(src/iic_lab1) by extension 'ignore_ament_install'
[0.406s] Level 1:colcon.colcon_core.package_identification:_identify(src/iic_lab1) by extensions ['colcon_pkg']
[0.406s] Level 1:colcon.colcon_core.package_identification:_identify(src/iic_lab1) by extension 'colcon_pkg'
[0.406s] Level 1:colcon.colcon_core.package_identification:_identify(src/iic_lab1) by extensions ['colcon_meta']
[0.406s] Level 1:colcon.colcon_core.package_identification:_identify(src/iic_lab1) by extension 'colcon_meta'
[0.406s] Level 1:colcon.colcon_core.package_identification:_identify(src/iic_lab1) by extensions ['ros']
[0.406s] Level 1:colcon.colcon_core.package_identification:_identify(src/iic_lab1) by extension 'ros'
[0.407s] DEBUG:colcon.colcon_core.package_identification:Package 'src/iic_lab1' with type 'ros.ament_cmake' and name 'iic_lab1'
[0.407s] Level 1:colcon.colcon_core.package_identification:_identify(src/very_simple_robot_simulator) by extensions ['ignore', 'ignore_ament_install']
[0.407s] Level 1:colcon.colcon_core.package_identification:_identify(src/very_simple_robot_simulator) by extension 'ignore'
[0.407s] Level 1:colcon.colcon_core.package_identification:_identify(src/very_simple_robot_simulator) by extension 'ignore_ament_install'
[0.407s] Level 1:colcon.colcon_core.package_identification:_identify(src/very_simple_robot_simulator) by extensions ['colcon_pkg']
[0.407s] Level 1:colcon.colcon_core.package_identification:_identify(src/very_simple_robot_simulator) by extension 'colcon_pkg'
[0.407s] Level 1:colcon.colcon_core.package_identification:_identify(src/very_simple_robot_simulator) by extensions ['colcon_meta']
[0.407s] Level 1:colcon.colcon_core.package_identification:_identify(src/very_simple_robot_simulator) by extension 'colcon_meta'
[0.407s] Level 1:colcon.colcon_core.package_identification:_identify(src/very_simple_robot_simulator) by extensions ['ros']
[0.407s] Level 1:colcon.colcon_core.package_identification:_identify(src/very_simple_robot_simulator) by extension 'ros'
[0.408s] DEBUG:colcon.colcon_core.package_identification:Package 'src/very_simple_robot_simulator' with type 'ros.ament_cmake' and name 'very_simple_robot_simulator'
[0.408s] Level 1:colcon.colcon_core.package_discovery:discover_packages(recursive) using defaults
[0.408s] Level 1:colcon.colcon_core.package_discovery:discover_packages(ignore) discover
[0.408s] Level 1:colcon.colcon_core.package_discovery:discover_packages(ignore) using defaults
[0.408s] Level 1:colcon.colcon_core.package_discovery:discover_packages(path) discover
[0.408s] Level 1:colcon.colcon_core.package_discovery:discover_packages(path) using defaults
[0.423s] Level 1:colcon.colcon_core.package_discovery:discover_packages(prefix_path) check parameters
[0.423s] Level 1:colcon.colcon_core.package_discovery:discover_packages(prefix_path) discover
[0.424s] WARNING:colcon.colcon_ros.prefix_path.ament:The path '/home/mcifuentesf/ros_ws/install/pkg_control_1' in the environment variable AMENT_PREFIX_PATH doesn't exist
[0.424s] WARNING:colcon.colcon_ros.prefix_path.catkin:The path '/home/mcifuentesf/ros_ws/install/pkg_control_1' in the environment variable CMAKE_PREFIX_PATH doesn't exist
[0.425s] DEBUG:colcon.colcon_installed_package_information.package_discovery:Found 3 installed packages in /home/mcifuentesf/ros_ws/install
[0.426s] DEBUG:colcon.colcon_installed_package_information.package_discovery:Found 5 installed packages in /home/mcifuentesf/ros2_ws/install
[0.430s] DEBUG:colcon.colcon_installed_package_information.package_discovery:Found 1709 installed packages in /opt/ros/humble
[0.435s] Level 1:colcon.colcon_core.package_discovery:discover_packages(prefix_path) using defaults
[0.540s] Level 5:colcon.colcon_core.verb:set package 'cmd_vel_mux' build argument 'cmake_args' from command line to 'None'
[0.540s] Level 5:colcon.colcon_core.verb:set package 'cmd_vel_mux' build argument 'cmake_target' from command line to 'None'
[0.540s] Level 5:colcon.colcon_core.verb:set package 'cmd_vel_mux' build argument 'cmake_target_skip_unavailable' from command line to 'False'
[0.540s] Level 5:colcon.colcon_core.verb:set package 'cmd_vel_mux' build argument 'cmake_clean_cache' from command line to 'False'
[0.540s] Level 5:colcon.colcon_core.verb:set package 'cmd_vel_mux' build argument 'cmake_clean_first' from command line to 'False'
[0.540s] Level 5:colcon.colcon_core.verb:set package 'cmd_vel_mux' build argument 'cmake_force_configure' from command line to 'False'
[0.540s] Level 5:colcon.colcon_core.verb:set package 'cmd_vel_mux' build argument 'ament_cmake_args' from command line to 'None'
[0.540s] Level 5:colcon.colcon_core.verb:set package 'cmd_vel_mux' build argument 'catkin_cmake_args' from command line to 'None'
[0.540s] Level 5:colcon.colcon_core.verb:set package 'cmd_vel_mux' build argument 'catkin_skip_building_tests' from command line to 'False'
[0.540s] DEBUG:colcon.colcon_core.verb:Building package 'cmd_vel_mux' with the following arguments: {'ament_cmake_args': None, 'build_base': '/home/mcifuentesf/ros_ws/build/cmd_vel_mux', 'catkin_cmake_args': None, 'catkin_skip_building_tests': False, 'cmake_args': None, 'cmake_clean_cache': False, 'cmake_clean_first': False, 'cmake_force_configure': False, 'cmake_target': None, 'cmake_target_skip_unavailable': False, 'install_base': '/home/mcifuentesf/ros_ws/install/cmd_vel_mux', 'merge_install': False, 'path': '/home/mcifuentesf/ros_ws/src/cmd_vel_mux', 'symlink_install': True, 'test_result_base': None}
[0.541s] Level 5:colcon.colcon_core.verb:set package 'iic_lab1' build argument 'cmake_args' from command line to 'None'
[0.541s] Level 5:colcon.colcon_core.verb:set package 'iic_lab1' build argument 'cmake_target' from command line to 'None'
[0.541s] Level 5:colcon.colcon_core.verb:set package 'iic_lab1' build argument 'cmake_target_skip_unavailable' from command line to 'False'
[0.541s] Level 5:colcon.colcon_core.verb:set package 'iic_lab1' build argument 'cmake_clean_cache' from command line to 'False'
[0.541s] Level 5:colcon.colcon_core.verb:set package 'iic_lab1' build argument 'cmake_clean_first' from command line to 'False'
[0.541s] Level 5:colcon.colcon_core.verb:set package 'iic_lab1' build argument 'cmake_force_configure' from command line to 'False'
[0.541s] Level 5:colcon.colcon_core.verb:set package 'iic_lab1' build argument 'ament_cmake_args' from command line to 'None'
[0.541s] Level 5:colcon.colcon_core.verb:set package 'iic_lab1' build argument 'catkin_cmake_args' from command line to 'None'
[0.541s] Level 5:colcon.colcon_core.verb:set package 'iic_lab1' build argument 'catkin_skip_building_tests' from command line to 'False'
[0.541s] DEBUG:colcon.colcon_core.verb:Building package 'iic_lab1' with the following arguments: {'ament_cmake_args': None, 'build_base': '/home/mcifuentesf/ros_ws/build/iic_lab1', 'catkin_cmake_args': None, 'catkin_skip_building_tests': False, 'cmake_args': None, 'cmake_clean_cache': False, 'cmake_clean_first': False, 'cmake_force_configure': False, 'cmake_target': None, 'cmake_target_skip_unavailable': False, 'install_base': '/home/mcifuentesf/ros_ws/install/iic_lab1', 'merge_install': False, 'path': '/home/mcifuentesf/ros_ws/src/iic_lab1', 'symlink_install': True, 'test_result_base': None}
[0.541s] Level 5:colcon.colcon_core.verb:set package 'very_simple_robot_simulator' build argument 'cmake_args' from command line to 'None'
[0.541s] Level 5:colcon.colcon_core.verb:set package 'very_simple_robot_simulator' build argument 'cmake_target' from command line to 'None'
[0.541s] Level 5:colcon.colcon_core.verb:set package 'very_simple_robot_simulator' build argument 'cmake_target_skip_unavailable' from command line to 'False'
[0.541s] Level 5:colcon.colcon_core.verb:set package 'very_simple_robot_simulator' build argument 'cmake_clean_cache' from command line to 'False'
[0.541s] Level 5:colcon.colcon_core.verb:set package 'very_simple_robot_simulator' build argument 'cmake_clean_first' from command line to 'False'
[0.541s] Level 5:colcon.colcon_core.verb:set package 'very_simple_robot_simulator' build argument 'cmake_force_configure' from command line to 'False'
[0.541s] Level 5:colcon.colcon_core.verb:set package 'very_simple_robot_simulator' build argument 'ament_cmake_args' from command line to 'None'
[0.541s] Level 5:colcon.colcon_core.verb:set package 'very_simple_robot_simulator' build argument 'catkin_cmake_args' from command line to 'None'
[0.541s] Level 5:colcon.colcon_core.verb:set package 'very_simple_robot_simulator' build argument 'catkin_skip_building_tests' from command line to 'False'
[0.541s] DEBUG:colcon.colcon_core.verb:Building package 'very_simple_robot_simulator' with the following arguments: {'ament_cmake_args': None, 'build_base': '/home/mcifuentesf/ros_ws/build/very_simple_robot_simulator', 'catkin_cmake_args': None, 'catkin_skip_building_tests': False, 'cmake_args': None, 'cmake_clean_cache': False, 'cmake_clean_first': False, 'cmake_force_configure': False, 'cmake_target': None, 'cmake_target_skip_unavailable': False, 'install_base': '/home/mcifuentesf/ros_ws/install/very_simple_robot_simulator', 'merge_install': False, 'path': '/home/mcifuentesf/ros_ws/src/very_simple_robot_simulator', 'symlink_install': True, 'test_result_base': None}
[0.542s] INFO:colcon.colcon_core.executor:Executing jobs using 'parallel' executor
[0.543s] DEBUG:colcon.colcon_parallel_executor.executor.parallel:run_until_complete
[0.543s] INFO:colcon.colcon_ros.task.ament_cmake.build:Building ROS package in '/home/mcifuentesf/ros_ws/src/cmd_vel_mux' with build type 'ament_cmake'
[0.543s] INFO:colcon.colcon_cmake.task.cmake.build:Building CMake package in '/home/mcifuentesf/ros_ws/src/cmd_vel_mux'
[0.546s] INFO:colcon.colcon_core.plugin_system:Skipping extension 'colcon_core.shell.bat': Not used on non-Windows systems
[0.546s] INFO:colcon.colcon_core.shell:Skip shell extension 'powershell' for command environment: Not usable outside of PowerShell
[0.546s] DEBUG:colcon.colcon_core.shell:Skip shell extension 'dsv' for command environment
[0.558s] INFO:colcon.colcon_ros.task.ament_cmake.build:Building ROS package in '/home/mcifuentesf/ros_ws/src/iic_lab1' with build type 'ament_cmake'
[0.559s] INFO:colcon.colcon_cmake.task.cmake.build:Building CMake package in '/home/mcifuentesf/ros_ws/src/iic_lab1'
[0.559s] INFO:colcon.colcon_core.shell:Skip shell extension 'powershell' for command environment: Not usable outside of PowerShell
[0.559s] DEBUG:colcon.colcon_core.shell:Skip shell extension 'dsv' for command environment
[0.568s] INFO:colcon.colcon_ros.task.ament_cmake.build:Building ROS package in '/home/mcifuentesf/ros_ws/src/very_simple_robot_simulator' with build type 'ament_cmake'
[0.568s] INFO:colcon.colcon_cmake.task.cmake.build:Building CMake package in '/home/mcifuentesf/ros_ws/src/very_simple_robot_simulator'
[0.569s] INFO:colcon.colcon_core.shell:Skip shell extension 'powershell' for command environment: Not usable outside of PowerShell
[0.569s] DEBUG:colcon.colcon_core.shell:Skip shell extension 'dsv' for command environment
[0.585s] DEBUG:colcon.colcon_core.event_handler.log_command:Invoking command in '/home/mcifuentesf/ros_ws/build/cmd_vel_mux': CMAKE_PREFIX_PATH=${CMAKE_PREFIX_PATH}:/home/mcifuentesf/ros2_ws/install/py_pubsub:/home/mcifuentesf/ros2_ws/install/my_turtlebot:/home/mcifuentesf/ros2_ws/install/mi_chatter_pkg:/opt/ros/humble /usr/bin/cmake --build /home/mcifuentesf/ros_ws/build/cmd_vel_mux -- -j8 -l8
[0.591s] DEBUG:colcon.colcon_core.event_handler.log_command:Invoking command in '/home/mcifuentesf/ros_ws/build/iic_lab1': CMAKE_PREFIX_PATH=${CMAKE_PREFIX_PATH}:/home/mcifuentesf/ros2_ws/install/py_pubsub:/home/mcifuentesf/ros2_ws/install/my_turtlebot:/home/mcifuentesf/ros2_ws/install/mi_chatter_pkg:/opt/ros/humble /usr/bin/cmake --build /home/mcifuentesf/ros_ws/build/iic_lab1 -- -j8 -l8
[0.598s] DEBUG:colcon.colcon_core.event_handler.log_command:Invoking command in '/home/mcifuentesf/ros_ws/build/very_simple_robot_simulator': CMAKE_PREFIX_PATH=${CMAKE_PREFIX_PATH}:/home/mcifuentesf/ros2_ws/install/py_pubsub:/home/mcifuentesf/ros2_ws/install/my_turtlebot:/home/mcifuentesf/ros2_ws/install/mi_chatter_pkg:/opt/ros/humble /usr/bin/cmake --build /home/mcifuentesf/ros_ws/build/very_simple_robot_simulator -- -j8 -l8
[0.635s] DEBUG:colcon.colcon_core.event_handler.log_command:Invoked command in '/home/mcifuentesf/ros_ws/build/iic_lab1' returned '0': CMAKE_PREFIX_PATH=${CMAKE_PREFIX_PATH}:/home/mcifuentesf/ros2_ws/install/py_pubsub:/home/mcifuentesf/ros2_ws/install/my_turtlebot:/home/mcifuentesf/ros2_ws/install/mi_chatter_pkg:/opt/ros/humble /usr/bin/cmake --build /home/mcifuentesf/ros_ws/build/iic_lab1 -- -j8 -l8
[0.653s] DEBUG:colcon.colcon_core.event_handler.log_command:Invoking command in '/home/mcifuentesf/ros_ws/build/iic_lab1': CMAKE_PREFIX_PATH=${CMAKE_PREFIX_PATH}:/home/mcifuentesf/ros2_ws/install/py_pubsub:/home/mcifuentesf/ros2_ws/install/my_turtlebot:/home/mcifuentesf/ros2_ws/install/mi_chatter_pkg:/opt/ros/humble /usr/bin/cmake --install /home/mcifuentesf/ros_ws/build/iic_lab1
[0.680s] DEBUG:colcon.colcon_core.event_handler.log_command:Invoked command in '/home/mcifuentesf/ros_ws/build/cmd_vel_mux' returned '0': CMAKE_PREFIX_PATH=${CMAKE_PREFIX_PATH}:/home/mcifuentesf/ros2_ws/install/py_pubsub:/home/mcifuentesf/ros2_ws/install/my_turtlebot:/home/mcifuentesf/ros2_ws/install/mi_chatter_pkg:/opt/ros/humble /usr/bin/cmake --build /home/mcifuentesf/ros_ws/build/cmd_vel_mux -- -j8 -l8
[0.683s] DEBUG:colcon.colcon_core.event_handler.log_command:Invoking command in '/home/mcifuentesf/ros_ws/build/cmd_vel_mux': CMAKE_PREFIX_PATH=${CMAKE_PREFIX_PATH}:/home/mcifuentesf/ros2_ws/install/py_pubsub:/home/mcifuentesf/ros2_ws/install/my_turtlebot:/home/mcifuentesf/ros2_ws/install/mi_chatter_pkg:/opt/ros/humble /usr/bin/cmake --install /home/mcifuentesf/ros_ws/build/cmd_vel_mux
[0.687s] Level 1:colcon.colcon_core.environment:create_environment_scripts_only(iic_lab1)
[0.688s] DEBUG:colcon.colcon_core.event_handler.log_command:Invoked command in '/home/mcifuentesf/ros_ws/build/iic_lab1' returned '0': CMAKE_PREFIX_PATH=${CMAKE_PREFIX_PATH}:/home/mcifuentesf/ros2_ws/install/py_pubsub:/home/mcifuentesf/ros2_ws/install/my_turtlebot:/home/mcifuentesf/ros2_ws/install/mi_chatter_pkg:/opt/ros/humble /usr/bin/cmake --install /home/mcifuentesf/ros_ws/build/iic_lab1
[0.691s] Level 1:colcon.colcon_core.environment:checking '/home/mcifuentesf/ros_ws/install/iic_lab1' for CMake module files
[0.693s] Level 1:colcon.colcon_core.environment:checking '/home/mcifuentesf/ros_ws/install/iic_lab1' for CMake config files
[0.695s] Level 1:colcon.colcon_core.shell:create_environment_hook('iic_lab1', 'cmake_prefix_path')
[0.695s] INFO:colcon.colcon_core.shell:Creating environment hook '/home/mcifuentesf/ros_ws/install/iic_lab1/share/iic_lab1/hook/cmake_prefix_path.ps1'
[0.697s] INFO:colcon.colcon_core.shell:Creating environment descriptor '/home/mcifuentesf/ros_ws/install/iic_lab1/share/iic_lab1/hook/cmake_prefix_path.dsv'
[0.699s] INFO:colcon.colcon_core.shell:Creating environment hook '/home/mcifuentesf/ros_ws/install/iic_lab1/share/iic_lab1/hook/cmake_prefix_path.sh'
[0.700s] Level 1:colcon.colcon_core.environment:checking '/home/mcifuentesf/ros_ws/install/iic_lab1/lib'
[0.700s] Level 1:colcon.colcon_core.environment:checking '/home/mcifuentesf/ros_ws/install/iic_lab1/bin'
[0.700s] Level 1:colcon.colcon_core.environment:checking '/home/mcifuentesf/ros_ws/install/iic_lab1/lib/pkgconfig/iic_lab1.pc'
[0.700s] Level 1:colcon.colcon_core.environment:checking '/home/mcifuentesf/ros_ws/install/iic_lab1/lib/python3.10/site-packages'
[0.700s] Level 1:colcon.colcon_core.environment:checking '/home/mcifuentesf/ros_ws/install/iic_lab1/bin'
[0.701s] INFO:colcon.colcon_core.shell:Creating package script '/home/mcifuentesf/ros_ws/install/iic_lab1/share/iic_lab1/package.ps1'
[0.702s] INFO:colcon.colcon_core.shell:Creating package descriptor '/home/mcifuentesf/ros_ws/install/iic_lab1/share/iic_lab1/package.dsv'
[0.702s] INFO:colcon.colcon_core.shell:Creating package script '/home/mcifuentesf/ros_ws/install/iic_lab1/share/iic_lab1/package.sh'
[0.703s] INFO:colcon.colcon_core.shell:Creating package script '/home/mcifuentesf/ros_ws/install/iic_lab1/share/iic_lab1/package.bash'
[0.703s] INFO:colcon.colcon_core.shell:Creating package script '/home/mcifuentesf/ros_ws/install/iic_lab1/share/iic_lab1/package.zsh'
[0.704s] Level 1:colcon.colcon_core.environment:create_file_with_runtime_dependencies(/home/mcifuentesf/ros_ws/install/iic_lab1/share/colcon-core/packages/iic_lab1)
[0.705s] Level 1:colcon.colcon_core.environment:create_environment_scripts_only(iic_lab1)
[0.705s] Level 1:colcon.colcon_core.environment:checking '/home/mcifuentesf/ros_ws/install/iic_lab1' for CMake module files
[0.705s] Level 1:colcon.colcon_core.environment:checking '/home/mcifuentesf/ros_ws/install/iic_lab1' for CMake config files
[0.705s] Level 1:colcon.colcon_core.shell:create_environment_hook('iic_lab1', 'cmake_prefix_path')
[0.706s] INFO:colcon.colcon_core.shell:Creating environment hook '/home/mcifuentesf/ros_ws/install/iic_lab1/share/iic_lab1/hook/cmake_prefix_path.ps1'
[0.706s] INFO:colcon.colcon_core.shell:Creating environment descriptor '/home/mcifuentesf/ros_ws/install/iic_lab1/share/iic_lab1/hook/cmake_prefix_path.dsv'
[0.707s] INFO:colcon.colcon_core.shell:Creating environment hook '/home/mcifuentesf/ros_ws/install/iic_lab1/share/iic_lab1/hook/cmake_prefix_path.sh'
[0.707s] Level 1:colcon.colcon_core.environment:checking '/home/mcifuentesf/ros_ws/install/iic_lab1/lib'
[0.707s] Level 1:colcon.colcon_core.environment:checking '/home/mcifuentesf/ros_ws/install/iic_lab1/bin'
[0.707s] Level 1:colcon.colcon_core.environment:checking '/home/mcifuentesf/ros_ws/install/iic_lab1/lib/pkgconfig/iic_lab1.pc'
[0.707s] Level 1:colcon.colcon_core.environment:checking '/home/mcifuentesf/ros_ws/install/iic_lab1/lib/python3.10/site-packages'
[0.708s] Level 1:colcon.colcon_core.environment:checking '/home/mcifuentesf/ros_ws/install/iic_lab1/bin'
[0.708s] INFO:colcon.colcon_core.shell:Creating package script '/home/mcifuentesf/ros_ws/install/iic_lab1/share/iic_lab1/package.ps1'
[0.709s] INFO:colcon.colcon_core.shell:Creating package descriptor '/home/mcifuentesf/ros_ws/install/iic_lab1/share/iic_lab1/package.dsv'
[0.710s] INFO:colcon.colcon_core.shell:Creating package script '/home/mcifuentesf/ros_ws/install/iic_lab1/share/iic_lab1/package.sh'
[0.711s] INFO:colcon.colcon_core.shell:Creating package script '/home/mcifuentesf/ros_ws/install/iic_lab1/share/iic_lab1/package.bash'
[0.711s] INFO:colcon.colcon_core.shell:Creating package script '/home/mcifuentesf/ros_ws/install/iic_lab1/share/iic_lab1/package.zsh'
[0.711s] Level 1:colcon.colcon_core.environment:create_file_with_runtime_dependencies(/home/mcifuentesf/ros_ws/install/iic_lab1/share/colcon-core/packages/iic_lab1)
[0.713s] Level 1:colcon.colcon_core.environment:create_environment_scripts_only(cmd_vel_mux)
[0.713s] Level 1:colcon.colcon_core.environment:checking '/home/mcifuentesf/ros_ws/install/cmd_vel_mux' for CMake module files
[0.714s] DEBUG:colcon.colcon_core.event_handler.log_command:Invoked command in '/home/mcifuentesf/ros_ws/build/cmd_vel_mux' returned '0': CMAKE_PREFIX_PATH=${CMAKE_PREFIX_PATH}:/home/mcifuentesf/ros2_ws/install/py_pubsub:/home/mcifuentesf/ros2_ws/install/my_turtlebot:/home/mcifuentesf/ros2_ws/install/mi_chatter_pkg:/opt/ros/humble /usr/bin/cmake --install /home/mcifuentesf/ros_ws/build/cmd_vel_mux
[0.715s] Level 1:colcon.colcon_core.environment:checking '/home/mcifuentesf/ros_ws/install/cmd_vel_mux' for CMake config files
[0.718s] Level 1:colcon.colcon_core.shell:create_environment_hook('cmd_vel_mux', 'cmake_prefix_path')
[0.718s] INFO:colcon.colcon_core.shell:Creating environment hook '/home/mcifuentesf/ros_ws/install/cmd_vel_mux/share/cmd_vel_mux/hook/cmake_prefix_path.ps1'
[0.718s] INFO:colcon.colcon_core.shell:Creating environment descriptor '/home/mcifuentesf/ros_ws/install/cmd_vel_mux/share/cmd_vel_mux/hook/cmake_prefix_path.dsv'
[0.718s] INFO:colcon.colcon_core.shell:Creating environment hook '/home/mcifuentesf/ros_ws/install/cmd_vel_mux/share/cmd_vel_mux/hook/cmake_prefix_path.sh'
[0.719s] Level 1:colcon.colcon_core.environment:checking '/home/mcifuentesf/ros_ws/install/cmd_vel_mux/lib'
[0.719s] Level 1:colcon.colcon_core.shell:create_environment_hook('cmd_vel_mux', 'ld_library_path_lib')
[0.719s] INFO:colcon.colcon_core.shell:Creating environment hook '/home/mcifuentesf/ros_ws/install/cmd_vel_mux/share/cmd_vel_mux/hook/ld_library_path_lib.ps1'
[0.720s] INFO:colcon.colcon_core.shell:Creating environment descriptor '/home/mcifuentesf/ros_ws/install/cmd_vel_mux/share/cmd_vel_mux/hook/ld_library_path_lib.dsv'
[0.720s] INFO:colcon.colcon_core.shell:Creating environment hook '/home/mcifuentesf/ros_ws/install/cmd_vel_mux/share/cmd_vel_mux/hook/ld_library_path_lib.sh'
[0.721s] Level 1:colcon.colcon_core.environment:checking '/home/mcifuentesf/ros_ws/install/cmd_vel_mux/bin'
[0.721s] Level 1:colcon.colcon_core.environment:checking '/home/mcifuentesf/ros_ws/install/cmd_vel_mux/lib/pkgconfig/cmd_vel_mux.pc'
[0.721s] Level 1:colcon.colcon_core.environment:checking '/home/mcifuentesf/ros_ws/install/cmd_vel_mux/lib/python3.10/site-packages'
[0.721s] Level 1:colcon.colcon_core.environment:checking '/home/mcifuentesf/ros_ws/install/cmd_vel_mux/bin'
[0.721s] INFO:colcon.colcon_core.shell:Creating package script '/home/mcifuentesf/ros_ws/install/cmd_vel_mux/share/cmd_vel_mux/package.ps1'
[0.722s] INFO:colcon.colcon_core.shell:Creating package descriptor '/home/mcifuentesf/ros_ws/install/cmd_vel_mux/share/cmd_vel_mux/package.dsv'
[0.722s] INFO:colcon.colcon_core.shell:Creating package script '/home/mcifuentesf/ros_ws/install/cmd_vel_mux/share/cmd_vel_mux/package.sh'
[0.722s] INFO:colcon.colcon_core.shell:Creating package script '/home/mcifuentesf/ros_ws/install/cmd_vel_mux/share/cmd_vel_mux/package.bash'
[0.723s] INFO:colcon.colcon_core.shell:Creating package script '/home/mcifuentesf/ros_ws/install/cmd_vel_mux/share/cmd_vel_mux/package.zsh'
[0.723s] Level 1:colcon.colcon_core.environment:create_file_with_runtime_dependencies(/home/mcifuentesf/ros_ws/install/cmd_vel_mux/share/colcon-core/packages/cmd_vel_mux)
[0.724s] Level 1:colcon.colcon_core.environment:create_environment_scripts_only(cmd_vel_mux)
[0.724s] Level 1:colcon.colcon_core.environment:checking '/home/mcifuentesf/ros_ws/install/cmd_vel_mux' for CMake module files
[0.724s] Level 1:colcon.colcon_core.environment:checking '/home/mcifuentesf/ros_ws/install/cmd_vel_mux' for CMake config files
[0.724s] Level 1:colcon.colcon_core.shell:create_environment_hook('cmd_vel_mux', 'cmake_prefix_path')
[0.725s] INFO:colcon.colcon_core.shell:Creating environment hook '/home/mcifuentesf/ros_ws/install/cmd_vel_mux/share/cmd_vel_mux/hook/cmake_prefix_path.ps1'
[0.725s] INFO:colcon.colcon_core.shell:Creating environment descriptor '/home/mcifuentesf/ros_ws/install/cmd_vel_mux/share/cmd_vel_mux/hook/cmake_prefix_path.dsv'
[0.726s] INFO:colcon.colcon_core.shell:Creating environment hook '/home/mcifuentesf/ros_ws/install/cmd_vel_mux/share/cmd_vel_mux/hook/cmake_prefix_path.sh'
[0.726s] Level 1:colcon.colcon_core.environment:checking '/home/mcifuentesf/ros_ws/install/cmd_vel_mux/lib'
[0.726s] Level 1:colcon.colcon_core.shell:create_environment_hook('cmd_vel_mux', 'ld_library_path_lib')
[0.727s] INFO:colcon.colcon_core.shell:Creating environment hook '/home/mcifuentesf/ros_ws/install/cmd_vel_mux/share/cmd_vel_mux/hook/ld_library_path_lib.ps1'
[0.727s] INFO:colcon.colcon_core.shell:Creating environment descriptor '/home/mcifuentesf/ros_ws/install/cmd_vel_mux/share/cmd_vel_mux/hook/ld_library_path_lib.dsv'
[0.728s] INFO:colcon.colcon_core.shell:Creating environment hook '/home/mcifuentesf/ros_ws/install/cmd_vel_mux/share/cmd_vel_mux/hook/ld_library_path_lib.sh'
[0.728s] Level 1:colcon.colcon_core.environment:checking '/home/mcifuentesf/ros_ws/install/cmd_vel_mux/bin'
[0.728s] Level 1:colcon.colcon_core.environment:checking '/home/mcifuentesf/ros_ws/install/cmd_vel_mux/lib/pkgconfig/cmd_vel_mux.pc'
[0.728s] Level 1:colcon.colcon_core.environment:checking '/home/mcifuentesf/ros_ws/install/cmd_vel_mux/lib/python3.10/site-packages'
[0.729s] Level 1:colcon.colcon_core.environment:checking '/home/mcifuentesf/ros_ws/install/cmd_vel_mux/bin'
[0.729s] INFO:colcon.colcon_core.shell:Creating package script '/home/mcifuentesf/ros_ws/install/cmd_vel_mux/share/cmd_vel_mux/package.ps1'
[0.730s] INFO:colcon.colcon_core.shell:Creating package descriptor '/home/mcifuentesf/ros_ws/install/cmd_vel_mux/share/cmd_vel_mux/package.dsv'
[0.730s] INFO:colcon.colcon_core.shell:Creating package script '/home/mcifuentesf/ros_ws/install/cmd_vel_mux/share/cmd_vel_mux/package.sh'
[0.731s] INFO:colcon.colcon_core.shell:Creating package script '/home/mcifuentesf/ros_ws/install/cmd_vel_mux/share/cmd_vel_mux/package.bash'
[0.731s] INFO:colcon.colcon_core.shell:Creating package script '/home/mcifuentesf/ros_ws/install/cmd_vel_mux/share/cmd_vel_mux/package.zsh'
[0.732s] Level 1:colcon.colcon_core.environment:create_file_with_runtime_dependencies(/home/mcifuentesf/ros_ws/install/cmd_vel_mux/share/colcon-core/packages/cmd_vel_mux)
[1.052s] DEBUG:colcon.colcon_core.event_handler.log_command:Invoked command in '/home/mcifuentesf/ros_ws/build/very_simple_robot_simulator' returned '0': CMAKE_PREFIX_PATH=${CMAKE_PREFIX_PATH}:/home/mcifuentesf/ros2_ws/install/py_pubsub:/home/mcifuentesf/ros2_ws/install/my_turtlebot:/home/mcifuentesf/ros2_ws/install/mi_chatter_pkg:/opt/ros/humble /usr/bin/cmake --build /home/mcifuentesf/ros_ws/build/very_simple_robot_simulator -- -j8 -l8
[1.056s] DEBUG:colcon.colcon_core.event_handler.log_command:Invoking command in '/home/mcifuentesf/ros_ws/build/very_simple_robot_simulator': CMAKE_PREFIX_PATH=${CMAKE_PREFIX_PATH}:/home/mcifuentesf/ros2_ws/install/py_pubsub:/home/mcifuentesf/ros2_ws/install/my_turtlebot:/home/mcifuentesf/ros2_ws/install/mi_chatter_pkg:/opt/ros/humble /usr/bin/cmake --install /home/mcifuentesf/ros_ws/build/very_simple_robot_simulator
[1.119s] Level 1:colcon.colcon_core.environment:create_environment_scripts_only(very_simple_robot_simulator)
[1.119s] Level 1:colcon.colcon_core.environment:checking '/home/mcifuentesf/ros_ws/install/very_simple_robot_simulator' for CMake module files
[1.120s] DEBUG:colcon.colcon_core.event_handler.log_command:Invoked command in '/home/mcifuentesf/ros_ws/build/very_simple_robot_simulator' returned '0': CMAKE_PREFIX_PATH=${CMAKE_PREFIX_PATH}:/home/mcifuentesf/ros2_ws/install/py_pubsub:/home/mcifuentesf/ros2_ws/install/my_turtlebot:/home/mcifuentesf/ros2_ws/install/mi_chatter_pkg:/opt/ros/humble /usr/bin/cmake --install /home/mcifuentesf/ros_ws/build/very_simple_robot_simulator
[1.121s] Level 1:colcon.colcon_core.environment:checking '/home/mcifuentesf/ros_ws/install/very_simple_robot_simulator' for CMake config files
[1.127s] Level 1:colcon.colcon_core.shell:create_environment_hook('very_simple_robot_simulator', 'cmake_prefix_path')
[1.128s] INFO:colcon.colcon_core.shell:Creating environment hook '/home/mcifuentesf/ros_ws/install/very_simple_robot_simulator/share/very_simple_robot_simulator/hook/cmake_prefix_path.ps1'
[1.128s] INFO:colcon.colcon_core.shell:Creating environment descriptor '/home/mcifuentesf/ros_ws/install/very_simple_robot_simulator/share/very_simple_robot_simulator/hook/cmake_prefix_path.dsv'
[1.128s] INFO:colcon.colcon_core.shell:Creating environment hook '/home/mcifuentesf/ros_ws/install/very_simple_robot_simulator/share/very_simple_robot_simulator/hook/cmake_prefix_path.sh'
[1.129s] Level 1:colcon.colcon_core.environment:checking '/home/mcifuentesf/ros_ws/install/very_simple_robot_simulator/lib'
[1.129s] Level 1:colcon.colcon_core.environment:checking '/home/mcifuentesf/ros_ws/install/very_simple_robot_simulator/bin'
[1.129s] Level 1:colcon.colcon_core.environment:checking '/home/mcifuentesf/ros_ws/install/very_simple_robot_simulator/lib/pkgconfig/very_simple_robot_simulator.pc'
[1.129s] Level 1:colcon.colcon_core.environment:checking '/home/mcifuentesf/ros_ws/install/very_simple_robot_simulator/lib/python3.10/site-packages'
[1.130s] Level 1:colcon.colcon_core.environment:checking '/home/mcifuentesf/ros_ws/install/very_simple_robot_simulator/bin'
[1.130s] INFO:colcon.colcon_core.shell:Creating package script '/home/mcifuentesf/ros_ws/install/very_simple_robot_simulator/share/very_simple_robot_simulator/package.ps1'
[1.130s] INFO:colcon.colcon_core.shell:Creating package descriptor '/home/mcifuentesf/ros_ws/install/very_simple_robot_simulator/share/very_simple_robot_simulator/package.dsv'
[1.131s] INFO:colcon.colcon_core.shell:Creating package script '/home/mcifuentesf/ros_ws/install/very_simple_robot_simulator/share/very_simple_robot_simulator/package.sh'
[1.131s] INFO:colcon.colcon_core.shell:Creating package script '/home/mcifuentesf/ros_ws/install/very_simple_robot_simulator/share/very_simple_robot_simulator/package.bash'
[1.131s] INFO:colcon.colcon_core.shell:Creating package script '/home/mcifuentesf/ros_ws/install/very_simple_robot_simulator/share/very_simple_robot_simulator/package.zsh'
[1.131s] Level 1:colcon.colcon_core.environment:create_file_with_runtime_dependencies(/home/mcifuentesf/ros_ws/install/very_simple_robot_simulator/share/colcon-core/packages/very_simple_robot_simulator)
[1.132s] Level 1:colcon.colcon_core.environment:create_environment_scripts_only(very_simple_robot_simulator)
[1.132s] Level 1:colcon.colcon_core.environment:checking '/home/mcifuentesf/ros_ws/install/very_simple_robot_simulator' for CMake module files
[1.132s] Level 1:colcon.colcon_core.environment:checking '/home/mcifuentesf/ros_ws/install/very_simple_robot_simulator' for CMake config files
[1.133s] Level 1:colcon.colcon_core.shell:create_environment_hook('very_simple_robot_simulator', 'cmake_prefix_path')
[1.133s] INFO:colcon.colcon_core.shell:Creating environment hook '/home/mcifuentesf/ros_ws/install/very_simple_robot_simulator/share/very_simple_robot_simulator/hook/cmake_prefix_path.ps1'
[1.133s] INFO:colcon.colcon_core.shell:Creating environment descriptor '/home/mcifuentesf/ros_ws/install/very_simple_robot_simulator/share/very_simple_robot_simulator/hook/cmake_prefix_path.dsv'
[1.133s] INFO:colcon.colcon_core.shell:Creating environment hook '/home/mcifuentesf/ros_ws/install/very_simple_robot_simulator/share/very_simple_robot_simulator/hook/cmake_prefix_path.sh'
[1.134s] Level 1:colcon.colcon_core.environment:checking '/home/mcifuentesf/ros_ws/install/very_simple_robot_simulator/lib'
[1.134s] Level 1:colcon.colcon_core.environment:checking '/home/mcifuentesf/ros_ws/install/very_simple_robot_simulator/bin'
[1.134s] Level 1:colcon.colcon_core.environment:checking '/home/mcifuentesf/ros_ws/install/very_simple_robot_simulator/lib/pkgconfig/very_simple_robot_simulator.pc'
[1.134s] Level 1:colcon.colcon_core.environment:checking '/home/mcifuentesf/ros_ws/install/very_simple_robot_simulator/lib/python3.10/site-packages'
[1.134s] Level 1:colcon.colcon_core.environment:checking '/home/mcifuentesf/ros_ws/install/very_simple_robot_simulator/bin'
[1.134s] INFO:colcon.colcon_core.shell:Creating package script '/home/mcifuentesf/ros_ws/install/very_simple_robot_simulator/share/very_simple_robot_simulator/package.ps1'
[1.135s] INFO:colcon.colcon_core.shell:Creating package descriptor '/home/mcifuentesf/ros_ws/install/very_simple_robot_simulator/share/very_simple_robot_simulator/package.dsv'
[1.135s] INFO:colcon.colcon_core.shell:Creating package script '/home/mcifuentesf/ros_ws/install/very_simple_robot_simulator/share/very_simple_robot_simulator/package.sh'
[1.135s] INFO:colcon.colcon_core.shell:Creating package script '/home/mcifuentesf/ros_ws/install/very_simple_robot_simulator/share/very_simple_robot_simulator/package.bash'
[1.136s] INFO:colcon.colcon_core.shell:Creating package script '/home/mcifuentesf/ros_ws/install/very_simple_robot_simulator/share/very_simple_robot_simulator/package.zsh'
[1.136s] Level 1:colcon.colcon_core.environment:create_file_with_runtime_dependencies(/home/mcifuentesf/ros_ws/install/very_simple_robot_simulator/share/colcon-core/packages/very_simple_robot_simulator)
[1.136s] DEBUG:colcon.colcon_parallel_executor.executor.parallel:closing loop
[1.137s] DEBUG:colcon.colcon_parallel_executor.executor.parallel:loop closed
[1.137s] DEBUG:colcon.colcon_parallel_executor.executor.parallel:run_until_complete finished with '0'
[1.137s] DEBUG:colcon.colcon_core.event_reactor:joining thread
[1.163s] INFO:colcon.colcon_core.plugin_system:Skipping extension 'colcon_notification.desktop_notification.notify_send': Could not find 'notify-send'
[1.163s] INFO:colcon.colcon_core.plugin_system:Skipping extension 'colcon_notification.desktop_notification.terminal_notifier': Not used on non-Darwin systems
[1.163s] INFO:colcon.colcon_core.plugin_system:Skipping extension 'colcon_notification.desktop_notification.win32': Not used on non-Windows systems
[1.163s] INFO:colcon.colcon_notification.desktop_notification:Sending desktop notification using 'notify2'
[1.164s] DEBUG:colcon.colcon_notification.desktop_notification.notify2:Failed to initialize notify2: org.freedesktop.DBus.Error.ServiceUnknown: The name org.freedesktop.Notifications was not provided by any .service files
[1.164s] DEBUG:colcon.colcon_core.event_reactor:joined thread
[1.165s] INFO:colcon.colcon_core.shell:Creating prefix script '/home/mcifuentesf/ros_ws/install/local_setup.ps1'
[1.165s] INFO:colcon.colcon_core.shell:Creating prefix util module '/home/mcifuentesf/ros_ws/install/_local_setup_util_ps1.py'
[1.167s] INFO:colcon.colcon_core.shell:Creating prefix chain script '/home/mcifuentesf/ros_ws/install/setup.ps1'
[1.168s] INFO:colcon.colcon_core.shell:Creating prefix script '/home/mcifuentesf/ros_ws/install/local_setup.sh'
[1.168s] INFO:colcon.colcon_core.shell:Creating prefix util module '/home/mcifuentesf/ros_ws/install/_local_setup_util_sh.py'
[1.168s] INFO:colcon.colcon_core.shell:Creating prefix chain script '/home/mcifuentesf/ros_ws/install/setup.sh'
[1.169s] INFO:colcon.colcon_core.shell:Creating prefix script '/home/mcifuentesf/ros_ws/install/local_setup.bash'
[1.170s] INFO:colcon.colcon_core.shell:Creating prefix chain script '/home/mcifuentesf/ros_ws/install/setup.bash'
[1.170s] INFO:colcon.colcon_core.shell:Creating prefix script '/home/mcifuentesf/ros_ws/install/local_setup.zsh'
[1.171s] INFO:colcon.colcon_core.shell:Creating prefix chain script '/home/mcifuentesf/ros_ws/install/setup.zsh'
