[0.034s] Invoking command in '/home/mcifuentesf/ros_ws/build/cmd_vel_mux': CMAKE_PREFIX_PATH=${CMAKE_PREFIX_PATH}:/home/mcifuentesf/ros2_ws/install/py_pubsub:/home/mcifuentesf/ros2_ws/install/my_turtlebot:/home/mcifuentesf/ros2_ws/install/mi_chatter_pkg:/opt/ros/humble /usr/bin/cmake /home/mcifuentesf/ros_ws/src/cmd_vel_mux -DAMENT_CMAKE_SYMLINK_INSTALL=1 -DCMAKE_INSTALL_PREFIX=/home/mcifuentesf/ros_ws/install/cmd_vel_mux
[0.216s] -- The C compiler identification is GNU 11.4.0
[0.456s] -- The CXX compiler identification is GNU 11.4.0
[0.594s] -- Detecting C compiler ABI info
[0.700s] -- Detecting C compiler ABI info - done
[0.708s] -- Check for working C compiler: /usr/bin/cc - skipped
[0.709s] -- Detecting C compile features
[0.709s] -- Detecting C compile features - done
[0.713s] -- Detecting CXX compiler ABI info
[0.825s] -- Detecting CXX compiler ABI info - done
[0.831s] -- Check for working CXX compiler: /usr/bin/c++ - skipped
[0.831s] -- Detecting CXX compile features
[0.831s] -- Detecting CXX compile features - done
[0.878s] -- Found ament_cmake_ros: 0.10.0 (/opt/ros/humble/share/ament_cmake_ros/cmake)
[1.057s] -- Found Python3: /usr/bin/python3 (found version "3.10.12") found components: Interpreter 
[1.121s] -- Override CMake install command with custom implementation using symlinks instead of copying resources
[1.210s] -- Found geometry_msgs: 4.8.0 (/opt/ros/humble/share/geometry_msgs/cmake)
[1.407s] -- Found rosidl_generator_c: 3.1.6 (/opt/ros/humble/share/rosidl_generator_c/cmake)
[1.423s] -- Found rosidl_adapter: 3.1.6 (/opt/ros/humble/share/rosidl_adapter/cmake)
[1.447s] -- Found rosidl_generator_cpp: 3.1.6 (/opt/ros/humble/share/rosidl_generator_cpp/cmake)
[1.474s] -- Using all available rosidl_typesupport_c: rosidl_typesupport_fastrtps_c;rosidl_typesupport_introspection_c
[1.515s] -- Using all available rosidl_typesupport_cpp: rosidl_typesupport_fastrtps_cpp;rosidl_typesupport_introspection_cpp
[1.583s] -- Found rcl_interfaces: 1.2.1 (/opt/ros/humble/share/rcl_interfaces/cmake)
[1.599s] -- Found rclcpp: 16.0.12 (/opt/ros/humble/share/rclcpp/cmake)
[1.662s] -- Found rmw_implementation_cmake: 6.1.2 (/opt/ros/humble/share/rmw_implementation_cmake/cmake)
[1.668s] -- Found rmw_fastrtps_cpp: 6.2.7 (/opt/ros/humble/share/rmw_fastrtps_cpp/cmake)
[2.147s] -- Found OpenSSL: /usr/lib/x86_64-linux-gnu/libcrypto.so (found version "3.0.2")  
[2.570s] -- Found FastRTPS: /opt/ros/humble/include  
[3.335s] -- Using RMW implementation 'rmw_fastrtps_cpp' as default
[3.379s] -- Looking for pthread.h
[3.505s] -- Looking for pthread.h - found
[3.506s] -- Performing Test CMAKE_HAVE_LIBC_PTHREAD
[3.626s] -- Performing Test CMAKE_HAVE_LIBC_PTHREAD - Success
[3.627s] -- Found Threads: TRUE  
[3.715s] -- Found rclcpp_components: 16.0.12 (/opt/ros/humble/share/rclcpp_components/cmake)
[3.789s] -- Found ament_lint_auto: 0.12.12 (/opt/ros/humble/share/ament_lint_auto/cmake)
[3.904s] -- Found launch_testing_ament_cmake: 1.0.8 (/opt/ros/humble/share/launch_testing_ament_cmake/cmake)
[3.910s] -- Found python_cmake_module: 0.10.0 (/opt/ros/humble/share/python_cmake_module/cmake)
[3.988s] -- Found PythonInterp: /usr/bin/python3 (found suitable version "3.10.12", minimum required is "3.6") 
[4.202s] -- Found PythonLibs: /usr/lib/x86_64-linux-gnu/libpython3.10.so (found suitable version "3.10.12", minimum required is "3.5") 
[4.202s] -- Using PYTHON_EXECUTABLE: /usr/bin/python3
[4.202s] -- Using PYTHON_INCLUDE_DIRS: /usr/include/python3.10
[4.202s] -- Using PYTHON_LIBRARIES: /usr/lib/x86_64-linux-gnu/libpython3.10.so
[4.220s] -- Found PythonExtra: .so  
[4.232s] -- Added test 'cppcheck' to perform static code analysis on C / C++ code
[4.233s] -- Configured cppcheck include dirs: /home/mcifuentesf/ros_ws/src/cmd_vel_mux/include
[4.233s] -- Configured cppcheck exclude dirs and/or files: 
[4.235s] -- Added test 'cpplint' to check C / C++ code against the Google style
[4.235s] -- Configured cpplint exclude dirs and/or files: 
[4.236s] -- Added test 'flake8' to check Python code syntax and style conventions
[4.237s] -- Added test 'lint_cmake' to check CMake code style
[4.238s] -- Added test 'pep257' to check Python code against some of the docstring style conventions in PEP 257
[4.241s] -- Added test 'uncrustify' to check C / C++ code style
[4.241s] -- Configured uncrustify additional arguments: 
[4.242s] -- Added test 'xmllint' to check XML markup files
[4.244s] -- Configuring done
[4.258s] -- Generating done
[4.262s] -- Build files have been written to: /home/mcifuentesf/ros_ws/build/cmd_vel_mux
[4.275s] Invoked command in '/home/mcifuentesf/ros_ws/build/cmd_vel_mux' returned '0': CMAKE_PREFIX_PATH=${CMAKE_PREFIX_PATH}:/home/mcifuentesf/ros2_ws/install/py_pubsub:/home/mcifuentesf/ros2_ws/install/my_turtlebot:/home/mcifuentesf/ros2_ws/install/mi_chatter_pkg:/opt/ros/humble /usr/bin/cmake /home/mcifuentesf/ros_ws/src/cmd_vel_mux -DAMENT_CMAKE_SYMLINK_INSTALL=1 -DCMAKE_INSTALL_PREFIX=/home/mcifuentesf/ros_ws/install/cmd_vel_mux
[4.276s] Invoking command in '/home/mcifuentesf/ros_ws/build/cmd_vel_mux': CMAKE_PREFIX_PATH=${CMAKE_PREFIX_PATH}:/home/mcifuentesf/ros2_ws/install/py_pubsub:/home/mcifuentesf/ros2_ws/install/my_turtlebot:/home/mcifuentesf/ros2_ws/install/mi_chatter_pkg:/opt/ros/humble /usr/bin/cmake --build /home/mcifuentesf/ros_ws/build/cmd_vel_mux -- -j8 -l8
[4.316s] [ 25%] [32mBuilding CXX object CMakeFiles/cmd_vel_mux_node.dir/rclcpp_components/node_main_cmd_vel_mux_node.cpp.o[0m
[4.316s] [ 50%] [32mBuilding CXX object CMakeFiles/cmd_vel_mux.dir/src/cmd_vel_mux.cpp.o[0m
[9.628s] [ 75%] [32m[1mLinking CXX executable cmd_vel_mux_node[0m
[9.964s] [ 75%] Built target cmd_vel_mux_node
[16.931s] [100%] [32m[1mLinking CXX shared library libcmd_vel_mux.so[0m
[17.649s] [100%] Built target cmd_vel_mux
[17.662s] Invoked command in '/home/mcifuentesf/ros_ws/build/cmd_vel_mux' returned '0': CMAKE_PREFIX_PATH=${CMAKE_PREFIX_PATH}:/home/mcifuentesf/ros2_ws/install/py_pubsub:/home/mcifuentesf/ros2_ws/install/my_turtlebot:/home/mcifuentesf/ros2_ws/install/mi_chatter_pkg:/opt/ros/humble /usr/bin/cmake --build /home/mcifuentesf/ros_ws/build/cmd_vel_mux -- -j8 -l8
[17.665s] Invoking command in '/home/mcifuentesf/ros_ws/build/cmd_vel_mux': CMAKE_PREFIX_PATH=${CMAKE_PREFIX_PATH}:/home/mcifuentesf/ros2_ws/install/py_pubsub:/home/mcifuentesf/ros2_ws/install/my_turtlebot:/home/mcifuentesf/ros2_ws/install/mi_chatter_pkg:/opt/ros/humble /usr/bin/cmake --install /home/mcifuentesf/ros_ws/build/cmd_vel_mux
[17.672s] -- Install configuration: ""
[17.672s] -- Execute custom install script
[17.673s] -- Symlinking: /home/mcifuentesf/ros_ws/install/cmd_vel_mux/lib/cmd_vel_mux/cmd_vel_mux_node
[17.682s] -- Symlinking: /home/mcifuentesf/ros_ws/install/cmd_vel_mux/lib/libcmd_vel_mux.so
[17.691s] -- Symlinking: /home/mcifuentesf/ros_ws/install/cmd_vel_mux/include/cmd_vel_mux/cmd_vel_mux.hpp
[17.702s] -- Symlinking: /home/mcifuentesf/ros_ws/install/cmd_vel_mux/share/cmd_vel_mux/config/cmd_vel_mux_params.yaml
[17.710s] -- Symlinking: /home/mcifuentesf/ros_ws/install/cmd_vel_mux/share/cmd_vel_mux/launch/cmd_vel_mux-composed-launch.py
[17.717s] -- Symlinking: /home/mcifuentesf/ros_ws/install/cmd_vel_mux/share/cmd_vel_mux/launch/cmd_vel_mux-launch.py
[17.728s] -- Symlinking: /home/mcifuentesf/ros_ws/install/cmd_vel_mux/share/ament_index/resource_index/package_run_dependencies/cmd_vel_mux
[17.737s] -- Symlinking: /home/mcifuentesf/ros_ws/install/cmd_vel_mux/share/ament_index/resource_index/parent_prefix_path/cmd_vel_mux
[17.747s] -- Symlinking: /home/mcifuentesf/ros_ws/install/cmd_vel_mux/share/cmd_vel_mux/environment/ament_prefix_path.sh
[17.756s] -- Symlinking: /home/mcifuentesf/ros_ws/install/cmd_vel_mux/share/cmd_vel_mux/environment/ament_prefix_path.dsv
[17.764s] -- Symlinking: /home/mcifuentesf/ros_ws/install/cmd_vel_mux/share/cmd_vel_mux/environment/path.sh
[17.774s] -- Symlinking: /home/mcifuentesf/ros_ws/install/cmd_vel_mux/share/cmd_vel_mux/environment/path.dsv
[17.781s] -- Symlinking: /home/mcifuentesf/ros_ws/install/cmd_vel_mux/share/cmd_vel_mux/local_setup.bash
[17.789s] -- Symlinking: /home/mcifuentesf/ros_ws/install/cmd_vel_mux/share/cmd_vel_mux/local_setup.sh
[17.797s] -- Symlinking: /home/mcifuentesf/ros_ws/install/cmd_vel_mux/share/cmd_vel_mux/local_setup.zsh
[17.804s] -- Symlinking: /home/mcifuentesf/ros_ws/install/cmd_vel_mux/share/cmd_vel_mux/local_setup.dsv
[17.813s] -- Symlinking: /home/mcifuentesf/ros_ws/install/cmd_vel_mux/share/cmd_vel_mux/package.dsv
[17.820s] -- Symlinking: /home/mcifuentesf/ros_ws/install/cmd_vel_mux/share/ament_index/resource_index/packages/cmd_vel_mux
[17.828s] -- Symlinking: /home/mcifuentesf/ros_ws/install/cmd_vel_mux/share/ament_index/resource_index/rclcpp_components/cmd_vel_mux
[17.838s] -- Symlinking: /home/mcifuentesf/ros_ws/install/cmd_vel_mux/share/cmd_vel_mux/cmake/cmd_vel_muxConfig.cmake
[17.847s] -- Symlinking: /home/mcifuentesf/ros_ws/install/cmd_vel_mux/share/cmd_vel_mux/cmake/cmd_vel_muxConfig-version.cmake
[17.855s] -- Symlinking: /home/mcifuentesf/ros_ws/install/cmd_vel_mux/share/cmd_vel_mux/package.xml
[17.865s] Invoked command in '/home/mcifuentesf/ros_ws/build/cmd_vel_mux' returned '0': CMAKE_PREFIX_PATH=${CMAKE_PREFIX_PATH}:/home/mcifuentesf/ros2_ws/install/py_pubsub:/home/mcifuentesf/ros2_ws/install/my_turtlebot:/home/mcifuentesf/ros2_ws/install/mi_chatter_pkg:/opt/ros/humble /usr/bin/cmake --install /home/mcifuentesf/ros_ws/build/cmd_vel_mux
