-- The C compiler identification is GNU 11.4.0
-- The CXX compiler identification is GNU 11.4.0
-- Detecting C compiler ABI info
-- Detecting C compiler ABI info - done
-- Check for working C compiler: /usr/bin/cc - skipped
-- Detecting C compile features
-- Detecting C compile features - done
-- Detecting CXX compiler ABI info
-- Detecting CXX compiler ABI info - done
-- Check for working CXX compiler: /usr/bin/c++ - skipped
-- Detecting CXX compile features
-- Detecting CXX compile features - done
-- Found ament_cmake: 1.3.11 (/opt/ros/humble/share/ament_cmake/cmake)
-- Found Python3: /usr/bin/python3 (found version "3.10.12") found components: Interpreter 
-- Override CMake install command with custom implementation using symlinks instead of copying resources
-- Configuring done
-- Generating done
-- Build files have been written to: /home/mcifuentesf/ros_ws/build/iic_lab1
-- Install configuration: ""
-- Execute custom install script
-- Symlinking: /home/mcifuentesf/ros_ws/install/iic_lab1/lib/iic_lab1/dead_reckoning_nav.py
-- Symlinking: /home/mcifuentesf/ros_ws/install/iic_lab1/lib/iic_lab1/obstacle_detector.py
-- Symlinking: /home/mcifuentesf/ros_ws/install/iic_lab1/share/iic_lab1/launch/accion_y_percepcion.xml
-- Symlinking: /home/mcifuentesf/ros_ws/install/iic_lab1/share/iic_lab1/launch/avanzar_y_rotar.xml
-- Symlinking: /home/mcifuentesf/ros_ws/install/iic_lab1/share/iic_lab1/config/square_poses.txt
-- Symlinking: /home/mcifuentesf/ros_ws/install/iic_lab1/share/ament_index/resource_index/package_run_dependencies/iic_lab1
-- Symlinking: /home/mcifuentesf/ros_ws/install/iic_lab1/share/ament_index/resource_index/parent_prefix_path/iic_lab1
-- Symlinking: /home/mcifuentesf/ros_ws/install/iic_lab1/share/iic_lab1/environment/ament_prefix_path.sh
-- Symlinking: /home/mcifuentesf/ros_ws/install/iic_lab1/share/iic_lab1/environment/ament_prefix_path.dsv
-- Symlinking: /home/mcifuentesf/ros_ws/install/iic_lab1/share/iic_lab1/environment/path.sh
-- Symlinking: /home/mcifuentesf/ros_ws/install/iic_lab1/share/iic_lab1/environment/path.dsv
-- Symlinking: /home/mcifuentesf/ros_ws/install/iic_lab1/share/iic_lab1/local_setup.bash
-- Symlinking: /home/mcifuentesf/ros_ws/install/iic_lab1/share/iic_lab1/local_setup.sh
-- Symlinking: /home/mcifuentesf/ros_ws/install/iic_lab1/share/iic_lab1/local_setup.zsh
-- Symlinking: /home/mcifuentesf/ros_ws/install/iic_lab1/share/iic_lab1/local_setup.dsv
-- Symlinking: /home/mcifuentesf/ros_ws/install/iic_lab1/share/iic_lab1/package.dsv
-- Symlinking: /home/mcifuentesf/ros_ws/install/iic_lab1/share/ament_index/resource_index/packages/iic_lab1
-- Symlinking: /home/mcifuentesf/ros_ws/install/iic_lab1/share/iic_lab1/cmake/iic_lab1Config.cmake
-- Symlinking: /home/mcifuentesf/ros_ws/install/iic_lab1/share/iic_lab1/cmake/iic_lab1Config-version.cmake
-- Symlinking: /home/mcifuentesf/ros_ws/install/iic_lab1/share/iic_lab1/package.xml
