[0.021s] Invoking command in '/home/mcifuentesf/ros_ws/build/iic_lab1': CMAKE_PREFIX_PATH=${CMAKE_PREFIX_PATH}:/home/mcifuentesf/ros2_ws/install/py_pubsub:/home/mcifuentesf/ros2_ws/install/my_turtlebot:/home/mcifuentesf/ros2_ws/install/mi_chatter_pkg:/opt/ros/humble /usr/bin/cmake /home/mcifuentesf/ros_ws/src/iic_lab1 -DAMENT_CMAKE_SYMLINK_INSTALL=1 -DCMAKE_INSTALL_PREFIX=/home/mcifuentesf/ros_ws/install/iic_lab1
[0.184s] -- The C compiler identification is GNU 11.4.0
[0.487s] -- The CXX compiler identification is GNU 11.4.0
[0.681s] -- Detecting C compiler ABI info
[0.788s] -- Detecting C compiler ABI info - done
[0.793s] -- Check for working C compiler: /usr/bin/cc - skipped
[0.794s] -- Detecting C compile features
[0.794s] -- Detecting C compile features - done
[0.797s] -- Detecting CXX compiler ABI info
[0.906s] -- Detecting CXX compiler ABI info - done
[0.911s] -- Check for working CXX compiler: /usr/bin/c++ - skipped
[0.911s] -- Detecting CXX compile features
[0.912s] -- Detecting CXX compile features - done
[0.934s] -- Found ament_cmake: 1.3.11 (/opt/ros/humble/share/ament_cmake/cmake)
[1.065s] -- Found Python3: /usr/bin/python3 (found version "3.10.12") found components: Interpreter 
[1.132s] -- Override CMake install command with custom implementation using symlinks instead of copying resources
[1.279s] -- Configuring done
[1.285s] -- Generating done
[1.287s] -- Build files have been written to: /home/mcifuentesf/ros_ws/build/iic_lab1
[1.292s] Invoked command in '/home/mcifuentesf/ros_ws/build/iic_lab1' returned '0': CMAKE_PREFIX_PATH=${CMAKE_PREFIX_PATH}:/home/mcifuentesf/ros2_ws/install/py_pubsub:/home/mcifuentesf/ros2_ws/install/my_turtlebot:/home/mcifuentesf/ros2_ws/install/mi_chatter_pkg:/opt/ros/humble /usr/bin/cmake /home/mcifuentesf/ros_ws/src/iic_lab1 -DAMENT_CMAKE_SYMLINK_INSTALL=1 -DCMAKE_INSTALL_PREFIX=/home/mcifuentesf/ros_ws/install/iic_lab1
[1.293s] Invoking command in '/home/mcifuentesf/ros_ws/build/iic_lab1': CMAKE_PREFIX_PATH=${CMAKE_PREFIX_PATH}:/home/mcifuentesf/ros2_ws/install/py_pubsub:/home/mcifuentesf/ros2_ws/install/my_turtlebot:/home/mcifuentesf/ros2_ws/install/mi_chatter_pkg:/opt/ros/humble /usr/bin/cmake --build /home/mcifuentesf/ros_ws/build/iic_lab1 -- -j8 -l8
[1.325s] Invoked command in '/home/mcifuentesf/ros_ws/build/iic_lab1' returned '0': CMAKE_PREFIX_PATH=${CMAKE_PREFIX_PATH}:/home/mcifuentesf/ros2_ws/install/py_pubsub:/home/mcifuentesf/ros2_ws/install/my_turtlebot:/home/mcifuentesf/ros2_ws/install/mi_chatter_pkg:/opt/ros/humble /usr/bin/cmake --build /home/mcifuentesf/ros_ws/build/iic_lab1 -- -j8 -l8
[1.333s] Invoking command in '/home/mcifuentesf/ros_ws/build/iic_lab1': CMAKE_PREFIX_PATH=${CMAKE_PREFIX_PATH}:/home/mcifuentesf/ros2_ws/install/py_pubsub:/home/mcifuentesf/ros2_ws/install/my_turtlebot:/home/mcifuentesf/ros2_ws/install/mi_chatter_pkg:/opt/ros/humble /usr/bin/cmake --install /home/mcifuentesf/ros_ws/build/iic_lab1
[1.338s] -- Install configuration: ""
[1.338s] -- Execute custom install script
[1.339s] -- Symlinking: /home/mcifuentesf/ros_ws/install/iic_lab1/lib/iic_lab1/dead_reckoning_nav.py
[1.346s] -- Symlinking: /home/mcifuentesf/ros_ws/install/iic_lab1/lib/iic_lab1/obstacle_detector.py
[1.353s] -- Symlinking: /home/mcifuentesf/ros_ws/install/iic_lab1/share/iic_lab1/launch/accion_y_percepcion.xml
[1.359s] -- Symlinking: /home/mcifuentesf/ros_ws/install/iic_lab1/share/iic_lab1/launch/avanzar_y_rotar.xml
[1.366s] -- Symlinking: /home/mcifuentesf/ros_ws/install/iic_lab1/share/iic_lab1/config/square_poses.txt
[1.372s] -- Symlinking: /home/mcifuentesf/ros_ws/install/iic_lab1/share/ament_index/resource_index/package_run_dependencies/iic_lab1
[1.378s] -- Symlinking: /home/mcifuentesf/ros_ws/install/iic_lab1/share/ament_index/resource_index/parent_prefix_path/iic_lab1
[1.384s] -- Symlinking: /home/mcifuentesf/ros_ws/install/iic_lab1/share/iic_lab1/environment/ament_prefix_path.sh
[1.390s] -- Symlinking: /home/mcifuentesf/ros_ws/install/iic_lab1/share/iic_lab1/environment/ament_prefix_path.dsv
[1.397s] -- Symlinking: /home/mcifuentesf/ros_ws/install/iic_lab1/share/iic_lab1/environment/path.sh
[1.405s] -- Symlinking: /home/mcifuentesf/ros_ws/install/iic_lab1/share/iic_lab1/environment/path.dsv
[1.413s] -- Symlinking: /home/mcifuentesf/ros_ws/install/iic_lab1/share/iic_lab1/local_setup.bash
[1.419s] -- Symlinking: /home/mcifuentesf/ros_ws/install/iic_lab1/share/iic_lab1/local_setup.sh
[1.429s] -- Symlinking: /home/mcifuentesf/ros_ws/install/iic_lab1/share/iic_lab1/local_setup.zsh
[1.435s] -- Symlinking: /home/mcifuentesf/ros_ws/install/iic_lab1/share/iic_lab1/local_setup.dsv
[1.443s] -- Symlinking: /home/mcifuentesf/ros_ws/install/iic_lab1/share/iic_lab1/package.dsv
[1.453s] -- Symlinking: /home/mcifuentesf/ros_ws/install/iic_lab1/share/ament_index/resource_index/packages/iic_lab1
[1.462s] -- Symlinking: /home/mcifuentesf/ros_ws/install/iic_lab1/share/iic_lab1/cmake/iic_lab1Config.cmake
[1.470s] -- Symlinking: /home/mcifuentesf/ros_ws/install/iic_lab1/share/iic_lab1/cmake/iic_lab1Config-version.cmake
[1.477s] -- Symlinking: /home/mcifuentesf/ros_ws/install/iic_lab1/share/iic_lab1/package.xml
[1.485s] Invoked command in '/home/mcifuentesf/ros_ws/build/iic_lab1' returned '0': CMAKE_PREFIX_PATH=${CMAKE_PREFIX_PATH}:/home/mcifuentesf/ros2_ws/install/py_pubsub:/home/mcifuentesf/ros2_ws/install/my_turtlebot:/home/mcifuentesf/ros2_ws/install/mi_chatter_pkg:/opt/ros/humble /usr/bin/cmake --install /home/mcifuentesf/ros_ws/build/iic_lab1
