[0.143s] DEBUG:colcon:Command line arguments: ['/usr/bin/colcon', 'build', '--symlink-install']
[0.143s] DEBUG:colcon:Parsed command line arguments: Namespace(log_base=None, log_level=None, verb_name='build', build_base='build', install_base='install', merge_install=False, symlink_install=True, test_result_base=None, continue_on_error=False, executor='parallel', parallel_workers=8, event_handlers=None, ignore_user_meta=False, metas=['./colcon.meta'], base_paths=['.'], packages_ignore=None, packages_ignore_regex=None, paths=None, packages_up_to=None, packages_up_to_regex=None, packages_above=None, packages_above_and_dependencies=None, packages_above_depth=None, packages_select_by_dep=None, packages_skip_by_dep=None, packages_skip_up_to=None, packages_select_build_failed=False, packages_skip_build_finished=False, packages_select_test_failures=False, packages_skip_test_passed=False, packages_select=None, packages_skip=None, packages_select_regex=None, packages_skip_regex=None, packages_start=None, packages_end=None, allow_overriding=[], cmake_args=None, cmake_target=None, cmake_target_skip_unavailable=False, cmake_clean_cache=False, cmake_clean_first=False, cmake_force_configure=False, ament_cmake_args=None, catkin_cmake_args=None, catkin_skip_building_tests=False, mixin_files=None, mixin=None, verb_parser=<colcon_mixin.mixin.mixin_argument.MixinArgumentDecorator object at 0x7fb60a807550>, verb_extension=<colcon_core.verb.build.BuildVerb object at 0x7fb60a806fe0>, main=<bound method BuildVerb.main of <colcon_core.verb.build.BuildVerb object at 0x7fb60a806fe0>>, mixin_verb=('build',))
[0.373s] Level 1:colcon.colcon_core.package_discovery:discover_packages(colcon_meta) check parameters
[0.374s] Level 1:colcon.colcon_core.package_discovery:discover_packages(recursive) check parameters
[0.374s] Level 1:colcon.colcon_core.package_discovery:discover_packages(ignore) check parameters
[0.374s] Level 1:colcon.colcon_core.package_discovery:discover_packages(path) check parameters
[0.374s] Level 1:colcon.colcon_core.package_discovery:discover_packages(colcon_meta) discover
[0.374s] Level 1:colcon.colcon_core.package_discovery:discover_packages(recursive) discover
[0.374s] INFO:colcon.colcon_core.package_discovery:Crawling recursively for packages in '/home/mcifuentesf/ros_ws'
[0.374s] Level 1:colcon.colcon_core.package_identification:_identify(.) by extensions ['ignore', 'ignore_ament_install']
[0.374s] Level 1:colcon.colcon_core.package_identification:_identify(.) by extension 'ignore'
[0.374s] Level 1:colcon.colcon_core.package_identification:_identify(.) by extension 'ignore_ament_install'
[0.374s] Level 1:colcon.colcon_core.package_identification:_identify(.) by extensions ['colcon_pkg']
[0.374s] Level 1:colcon.colcon_core.package_identification:_identify(.) by extension 'colcon_pkg'
[0.374s] Level 1:colcon.colcon_core.package_identification:_identify(.) by extensions ['colcon_meta']
[0.374s] Level 1:colcon.colcon_core.package_identification:_identify(.) by extension 'colcon_meta'
[0.374s] Level 1:colcon.colcon_core.package_identification:_identify(.) by extensions ['ros']
[0.374s] Level 1:colcon.colcon_core.package_identification:_identify(.) by extension 'ros'
[0.381s] Level 1:colcon.colcon_core.package_identification:_identify(.) by extensions ['cmake', 'python']
[0.381s] Level 1:colcon.colcon_core.package_identification:_identify(.) by extension 'cmake'
[0.381s] Level 1:colcon.colcon_core.package_identification:_identify(.) by extension 'python'
[0.381s] Level 1:colcon.colcon_core.package_identification:_identify(.) by extensions ['python_setup_py']
[0.381s] Level 1:colcon.colcon_core.package_identification:_identify(.) by extension 'python_setup_py'
[0.381s] Level 1:colcon.colcon_core.package_identification:_identify(build) by extensions ['ignore', 'ignore_ament_install']
[0.382s] Level 1:colcon.colcon_core.package_identification:_identify(build) by extension 'ignore'
[0.382s] Level 1:colcon.colcon_core.package_identification:_identify(build) ignored
[0.382s] Level 1:colcon.colcon_core.package_identification:_identify(install) by extensions ['ignore', 'ignore_ament_install']
[0.382s] Level 1:colcon.colcon_core.package_identification:_identify(install) by extension 'ignore'
[0.382s] Level 1:colcon.colcon_core.package_identification:_identify(install) ignored
[0.382s] Level 1:colcon.colcon_core.package_identification:_identify(log) by extensions ['ignore', 'ignore_ament_install']
[0.382s] Level 1:colcon.colcon_core.package_identification:_identify(log) by extension 'ignore'
[0.382s] Level 1:colcon.colcon_core.package_identification:_identify(log) ignored
[0.382s] Level 1:colcon.colcon_core.package_identification:_identify(src) by extensions ['ignore', 'ignore_ament_install']
[0.382s] Level 1:colcon.colcon_core.package_identification:_identify(src) by extension 'ignore'
[0.382s] Level 1:colcon.colcon_core.package_identification:_identify(src) by extension 'ignore_ament_install'
[0.382s] Level 1:colcon.colcon_core.package_identification:_identify(src) by extensions ['colcon_pkg']
[0.382s] Level 1:colcon.colcon_core.package_identification:_identify(src) by extension 'colcon_pkg'
[0.382s] Level 1:colcon.colcon_core.package_identification:_identify(src) by extensions ['colcon_meta']
[0.382s] Level 1:colcon.colcon_core.package_identification:_identify(src) by extension 'colcon_meta'
[0.382s] Level 1:colcon.colcon_core.package_identification:_identify(src) by extensions ['ros']
[0.382s] Level 1:colcon.colcon_core.package_identification:_identify(src) by extension 'ros'
[0.382s] Level 1:colcon.colcon_core.package_identification:_identify(src) by extensions ['cmake', 'python']
[0.383s] Level 1:colcon.colcon_core.package_identification:_identify(src) by extension 'cmake'
[0.383s] Level 1:colcon.colcon_core.package_identification:_identify(src) by extension 'python'
[0.383s] Level 1:colcon.colcon_core.package_identification:_identify(src) by extensions ['python_setup_py']
[0.383s] Level 1:colcon.colcon_core.package_identification:_identify(src) by extension 'python_setup_py'
[0.383s] Level 1:colcon.colcon_core.package_identification:_identify(src/cmd_vel_mux) by extensions ['ignore', 'ignore_ament_install']
[0.383s] Level 1:colcon.colcon_core.package_identification:_identify(src/cmd_vel_mux) by extension 'ignore'
[0.383s] Level 1:colcon.colcon_core.package_identification:_identify(src/cmd_vel_mux) by extension 'ignore_ament_install'
[0.383s] Level 1:colcon.colcon_core.package_identification:_identify(src/cmd_vel_mux) by extensions ['colcon_pkg']
[0.383s] Level 1:colcon.colcon_core.package_identification:_identify(src/cmd_vel_mux) by extension 'colcon_pkg'
[0.383s] Level 1:colcon.colcon_core.package_identification:_identify(src/cmd_vel_mux) by extensions ['colcon_meta']
[0.383s] Level 1:colcon.colcon_core.package_identification:_identify(src/cmd_vel_mux) by extension 'colcon_meta'
[0.383s] Level 1:colcon.colcon_core.package_identification:_identify(src/cmd_vel_mux) by extensions ['ros']
[0.383s] Level 1:colcon.colcon_core.package_identification:_identify(src/cmd_vel_mux) by extension 'ros'
[0.385s] DEBUG:colcon.colcon_core.package_identification:Package 'src/cmd_vel_mux' with type 'ros.ament_cmake' and name 'cmd_vel_mux'
[0.385s] Level 1:colcon.colcon_core.package_identification:_identify(src/iic_lab1) by extensions ['ignore', 'ignore_ament_install']
[0.385s] Level 1:colcon.colcon_core.package_identification:_identify(src/iic_lab1) by extension 'ignore'
[0.385s] Level 1:colcon.colcon_core.package_identification:_identify(src/iic_lab1) by extension 'ignore_ament_install'
[0.385s] Level 1:colcon.colcon_core.package_identification:_identify(src/iic_lab1) by extensions ['colcon_pkg']
[0.385s] Level 1:colcon.colcon_core.package_identification:_identify(src/iic_lab1) by extension 'colcon_pkg'
[0.385s] Level 1:colcon.colcon_core.package_identification:_identify(src/iic_lab1) by extensions ['colcon_meta']
[0.385s] Level 1:colcon.colcon_core.package_identification:_identify(src/iic_lab1) by extension 'colcon_meta'
[0.385s] Level 1:colcon.colcon_core.package_identification:_identify(src/iic_lab1) by extensions ['ros']
[0.385s] Level 1:colcon.colcon_core.package_identification:_identify(src/iic_lab1) by extension 'ros'
[0.386s] DEBUG:colcon.colcon_core.package_identification:Package 'src/iic_lab1' with type 'ros.ament_cmake' and name 'iic_lab1'
[0.386s] Level 1:colcon.colcon_core.package_identification:_identify(src/very_simple_robot_simulator) by extensions ['ignore', 'ignore_ament_install']
[0.386s] Level 1:colcon.colcon_core.package_identification:_identify(src/very_simple_robot_simulator) by extension 'ignore'
[0.386s] Level 1:colcon.colcon_core.package_identification:_identify(src/very_simple_robot_simulator) by extension 'ignore_ament_install'
[0.386s] Level 1:colcon.colcon_core.package_identification:_identify(src/very_simple_robot_simulator) by extensions ['colcon_pkg']
[0.386s] Level 1:colcon.colcon_core.package_identification:_identify(src/very_simple_robot_simulator) by extension 'colcon_pkg'
[0.386s] Level 1:colcon.colcon_core.package_identification:_identify(src/very_simple_robot_simulator) by extensions ['colcon_meta']
[0.386s] Level 1:colcon.colcon_core.package_identification:_identify(src/very_simple_robot_simulator) by extension 'colcon_meta'
[0.386s] Level 1:colcon.colcon_core.package_identification:_identify(src/very_simple_robot_simulator) by extensions ['ros']
[0.386s] Level 1:colcon.colcon_core.package_identification:_identify(src/very_simple_robot_simulator) by extension 'ros'
[0.386s] DEBUG:colcon.colcon_core.package_identification:Package 'src/very_simple_robot_simulator' with type 'ros.ament_cmake' and name 'very_simple_robot_simulator'
[0.386s] Level 1:colcon.colcon_core.package_discovery:discover_packages(recursive) using defaults
[0.386s] Level 1:colcon.colcon_core.package_discovery:discover_packages(ignore) discover
[0.386s] Level 1:colcon.colcon_core.package_discovery:discover_packages(ignore) using defaults
[0.386s] Level 1:colcon.colcon_core.package_discovery:discover_packages(path) discover
[0.386s] Level 1:colcon.colcon_core.package_discovery:discover_packages(path) using defaults
[0.402s] Level 1:colcon.colcon_core.package_discovery:discover_packages(prefix_path) check parameters
[0.403s] Level 1:colcon.colcon_core.package_discovery:discover_packages(prefix_path) discover
[0.403s] WARNING:colcon.colcon_ros.prefix_path.ament:The path '/home/mcifuentesf/ros_ws/install/pkg_control_1' in the environment variable AMENT_PREFIX_PATH doesn't exist
[0.404s] WARNING:colcon.colcon_ros.prefix_path.catkin:The path '/home/mcifuentesf/ros_ws/install/pkg_control_1' in the environment variable CMAKE_PREFIX_PATH doesn't exist
[0.404s] DEBUG:colcon.colcon_installed_package_information.package_discovery:Found 3 installed packages in /home/mcifuentesf/ros_ws/install
[0.405s] DEBUG:colcon.colcon_installed_package_information.package_discovery:Found 5 installed packages in /home/mcifuentesf/ros2_ws/install
[0.409s] DEBUG:colcon.colcon_installed_package_information.package_discovery:Found 1709 installed packages in /opt/ros/humble
[0.414s] Level 1:colcon.colcon_core.package_discovery:discover_packages(prefix_path) using defaults
[0.525s] Level 5:colcon.colcon_core.verb:set package 'cmd_vel_mux' build argument 'cmake_args' from command line to 'None'
[0.525s] Level 5:colcon.colcon_core.verb:set package 'cmd_vel_mux' build argument 'cmake_target' from command line to 'None'
[0.525s] Level 5:colcon.colcon_core.verb:set package 'cmd_vel_mux' build argument 'cmake_target_skip_unavailable' from command line to 'False'
[0.526s] Level 5:colcon.colcon_core.verb:set package 'cmd_vel_mux' build argument 'cmake_clean_cache' from command line to 'False'
[0.526s] Level 5:colcon.colcon_core.verb:set package 'cmd_vel_mux' build argument 'cmake_clean_first' from command line to 'False'
[0.526s] Level 5:colcon.colcon_core.verb:set package 'cmd_vel_mux' build argument 'cmake_force_configure' from command line to 'False'
[0.526s] Level 5:colcon.colcon_core.verb:set package 'cmd_vel_mux' build argument 'ament_cmake_args' from command line to 'None'
[0.526s] Level 5:colcon.colcon_core.verb:set package 'cmd_vel_mux' build argument 'catkin_cmake_args' from command line to 'None'
[0.526s] Level 5:colcon.colcon_core.verb:set package 'cmd_vel_mux' build argument 'catkin_skip_building_tests' from command line to 'False'
[0.526s] DEBUG:colcon.colcon_core.verb:Building package 'cmd_vel_mux' with the following arguments: {'ament_cmake_args': None, 'build_base': '/home/mcifuentesf/ros_ws/build/cmd_vel_mux', 'catkin_cmake_args': None, 'catkin_skip_building_tests': False, 'cmake_args': None, 'cmake_clean_cache': False, 'cmake_clean_first': False, 'cmake_force_configure': False, 'cmake_target': None, 'cmake_target_skip_unavailable': False, 'install_base': '/home/mcifuentesf/ros_ws/install/cmd_vel_mux', 'merge_install': False, 'path': '/home/mcifuentesf/ros_ws/src/cmd_vel_mux', 'symlink_install': True, 'test_result_base': None}
[0.526s] Level 5:colcon.colcon_core.verb:set package 'iic_lab1' build argument 'cmake_args' from command line to 'None'
[0.526s] Level 5:colcon.colcon_core.verb:set package 'iic_lab1' build argument 'cmake_target' from command line to 'None'
[0.526s] Level 5:colcon.colcon_core.verb:set package 'iic_lab1' build argument 'cmake_target_skip_unavailable' from command line to 'False'
[0.526s] Level 5:colcon.colcon_core.verb:set package 'iic_lab1' build argument 'cmake_clean_cache' from command line to 'False'
[0.526s] Level 5:colcon.colcon_core.verb:set package 'iic_lab1' build argument 'cmake_clean_first' from command line to 'False'
[0.526s] Level 5:colcon.colcon_core.verb:set package 'iic_lab1' build argument 'cmake_force_configure' from command line to 'False'
[0.526s] Level 5:colcon.colcon_core.verb:set package 'iic_lab1' build argument 'ament_cmake_args' from command line to 'None'
[0.526s] Level 5:colcon.colcon_core.verb:set package 'iic_lab1' build argument 'catkin_cmake_args' from command line to 'None'
[0.526s] Level 5:colcon.colcon_core.verb:set package 'iic_lab1' build argument 'catkin_skip_building_tests' from command line to 'False'
[0.526s] DEBUG:colcon.colcon_core.verb:Building package 'iic_lab1' with the following arguments: {'ament_cmake_args': None, 'build_base': '/home/mcifuentesf/ros_ws/build/iic_lab1', 'catkin_cmake_args': None, 'catkin_skip_building_tests': False, 'cmake_args': None, 'cmake_clean_cache': False, 'cmake_clean_first': False, 'cmake_force_configure': False, 'cmake_target': None, 'cmake_target_skip_unavailable': False, 'install_base': '/home/mcifuentesf/ros_ws/install/iic_lab1', 'merge_install': False, 'path': '/home/mcifuentesf/ros_ws/src/iic_lab1', 'symlink_install': True, 'test_result_base': None}
[0.526s] Level 5:colcon.colcon_core.verb:set package 'very_simple_robot_simulator' build argument 'cmake_args' from command line to 'None'
[0.526s] Level 5:colcon.colcon_core.verb:set package 'very_simple_robot_simulator' build argument 'cmake_target' from command line to 'None'
[0.526s] Level 5:colcon.colcon_core.verb:set package 'very_simple_robot_simulator' build argument 'cmake_target_skip_unavailable' from command line to 'False'
[0.526s] Level 5:colcon.colcon_core.verb:set package 'very_simple_robot_simulator' build argument 'cmake_clean_cache' from command line to 'False'
[0.526s] Level 5:colcon.colcon_core.verb:set package 'very_simple_robot_simulator' build argument 'cmake_clean_first' from command line to 'False'
[0.526s] Level 5:colcon.colcon_core.verb:set package 'very_simple_robot_simulator' build argument 'cmake_force_configure' from command line to 'False'
[0.526s] Level 5:colcon.colcon_core.verb:set package 'very_simple_robot_simulator' build argument 'ament_cmake_args' from command line to 'None'
[0.527s] Level 5:colcon.colcon_core.verb:set package 'very_simple_robot_simulator' build argument 'catkin_cmake_args' from command line to 'None'
[0.527s] Level 5:colcon.colcon_core.verb:set package 'very_simple_robot_simulator' build argument 'catkin_skip_building_tests' from command line to 'False'
[0.527s] DEBUG:colcon.colcon_core.verb:Building package 'very_simple_robot_simulator' with the following arguments: {'ament_cmake_args': None, 'build_base': '/home/mcifuentesf/ros_ws/build/very_simple_robot_simulator', 'catkin_cmake_args': None, 'catkin_skip_building_tests': False, 'cmake_args': None, 'cmake_clean_cache': False, 'cmake_clean_first': False, 'cmake_force_configure': False, 'cmake_target': None, 'cmake_target_skip_unavailable': False, 'install_base': '/home/mcifuentesf/ros_ws/install/very_simple_robot_simulator', 'merge_install': False, 'path': '/home/mcifuentesf/ros_ws/src/very_simple_robot_simulator', 'symlink_install': True, 'test_result_base': None}
[0.527s] INFO:colcon.colcon_core.executor:Executing jobs using 'parallel' executor
[0.528s] DEBUG:colcon.colcon_parallel_executor.executor.parallel:run_until_complete
[0.528s] INFO:colcon.colcon_ros.task.ament_cmake.build:Building ROS package in '/home/mcifuentesf/ros_ws/src/cmd_vel_mux' with build type 'ament_cmake'
[0.528s] INFO:colcon.colcon_cmake.task.cmake.build:Building CMake package in '/home/mcifuentesf/ros_ws/src/cmd_vel_mux'
[0.530s] INFO:colcon.colcon_core.plugin_system:Skipping extension 'colcon_core.shell.bat': Not used on non-Windows systems
[0.530s] INFO:colcon.colcon_core.shell:Skip shell extension 'powershell' for command environment: Not usable outside of PowerShell
[0.530s] DEBUG:colcon.colcon_core.shell:Skip shell extension 'dsv' for command environment
[0.537s] INFO:colcon.colcon_ros.task.ament_cmake.build:Building ROS package in '/home/mcifuentesf/ros_ws/src/iic_lab1' with build type 'ament_cmake'
[0.537s] INFO:colcon.colcon_cmake.task.cmake.build:Building CMake package in '/home/mcifuentesf/ros_ws/src/iic_lab1'
[0.538s] INFO:colcon.colcon_core.shell:Skip shell extension 'powershell' for command environment: Not usable outside of PowerShell
[0.538s] DEBUG:colcon.colcon_core.shell:Skip shell extension 'dsv' for command environment
[0.545s] INFO:colcon.colcon_ros.task.ament_cmake.build:Building ROS package in '/home/mcifuentesf/ros_ws/src/very_simple_robot_simulator' with build type 'ament_cmake'
[0.546s] INFO:colcon.colcon_cmake.task.cmake.build:Building CMake package in '/home/mcifuentesf/ros_ws/src/very_simple_robot_simulator'
[0.546s] INFO:colcon.colcon_core.shell:Skip shell extension 'powershell' for command environment: Not usable outside of PowerShell
[0.546s] DEBUG:colcon.colcon_core.shell:Skip shell extension 'dsv' for command environment
[0.559s] DEBUG:colcon.colcon_core.event_handler.log_command:Invoking command in '/home/mcifuentesf/ros_ws/build/cmd_vel_mux': CMAKE_PREFIX_PATH=${CMAKE_PREFIX_PATH}:/home/mcifuentesf/ros2_ws/install/py_pubsub:/home/mcifuentesf/ros2_ws/install/my_turtlebot:/home/mcifuentesf/ros2_ws/install/mi_chatter_pkg:/opt/ros/humble /usr/bin/cmake --build /home/mcifuentesf/ros_ws/build/cmd_vel_mux -- -j8 -l8
[0.566s] DEBUG:colcon.colcon_core.event_handler.log_command:Invoking command in '/home/mcifuentesf/ros_ws/build/iic_lab1': CMAKE_PREFIX_PATH=${CMAKE_PREFIX_PATH}:/home/mcifuentesf/ros2_ws/install/py_pubsub:/home/mcifuentesf/ros2_ws/install/my_turtlebot:/home/mcifuentesf/ros2_ws/install/mi_chatter_pkg:/opt/ros/humble /usr/bin/cmake --build /home/mcifuentesf/ros_ws/build/iic_lab1 -- -j8 -l8
[0.571s] DEBUG:colcon.colcon_core.event_handler.log_command:Invoking command in '/home/mcifuentesf/ros_ws/build/very_simple_robot_simulator': CMAKE_PREFIX_PATH=${CMAKE_PREFIX_PATH}:/home/mcifuentesf/ros2_ws/install/py_pubsub:/home/mcifuentesf/ros2_ws/install/my_turtlebot:/home/mcifuentesf/ros2_ws/install/mi_chatter_pkg:/opt/ros/humble /usr/bin/cmake --build /home/mcifuentesf/ros_ws/build/very_simple_robot_simulator -- -j8 -l8
[0.594s] DEBUG:colcon.colcon_core.event_handler.log_command:Invoked command in '/home/mcifuentesf/ros_ws/build/iic_lab1' returned '0': CMAKE_PREFIX_PATH=${CMAKE_PREFIX_PATH}:/home/mcifuentesf/ros2_ws/install/py_pubsub:/home/mcifuentesf/ros2_ws/install/my_turtlebot:/home/mcifuentesf/ros2_ws/install/mi_chatter_pkg:/opt/ros/humble /usr/bin/cmake --build /home/mcifuentesf/ros_ws/build/iic_lab1 -- -j8 -l8
[0.603s] DEBUG:colcon.colcon_core.event_handler.log_command:Invoking command in '/home/mcifuentesf/ros_ws/build/iic_lab1': CMAKE_PREFIX_PATH=${CMAKE_PREFIX_PATH}:/home/mcifuentesf/ros2_ws/install/py_pubsub:/home/mcifuentesf/ros2_ws/install/my_turtlebot:/home/mcifuentesf/ros2_ws/install/mi_chatter_pkg:/opt/ros/humble /usr/bin/cmake --install /home/mcifuentesf/ros_ws/build/iic_lab1
[0.620s] DEBUG:colcon.colcon_core.event_handler.log_command:Invoked command in '/home/mcifuentesf/ros_ws/build/cmd_vel_mux' returned '0': CMAKE_PREFIX_PATH=${CMAKE_PREFIX_PATH}:/home/mcifuentesf/ros2_ws/install/py_pubsub:/home/mcifuentesf/ros2_ws/install/my_turtlebot:/home/mcifuentesf/ros2_ws/install/mi_chatter_pkg:/opt/ros/humble /usr/bin/cmake --build /home/mcifuentesf/ros_ws/build/cmd_vel_mux -- -j8 -l8
[0.624s] DEBUG:colcon.colcon_core.event_handler.log_command:Invoking command in '/home/mcifuentesf/ros_ws/build/cmd_vel_mux': CMAKE_PREFIX_PATH=${CMAKE_PREFIX_PATH}:/home/mcifuentesf/ros2_ws/install/py_pubsub:/home/mcifuentesf/ros2_ws/install/my_turtlebot:/home/mcifuentesf/ros2_ws/install/mi_chatter_pkg:/opt/ros/humble /usr/bin/cmake --install /home/mcifuentesf/ros_ws/build/cmd_vel_mux
[0.625s] Level 1:colcon.colcon_core.environment:create_environment_scripts_only(iic_lab1)
[0.626s] DEBUG:colcon.colcon_core.event_handler.log_command:Invoked command in '/home/mcifuentesf/ros_ws/build/iic_lab1' returned '0': CMAKE_PREFIX_PATH=${CMAKE_PREFIX_PATH}:/home/mcifuentesf/ros2_ws/install/py_pubsub:/home/mcifuentesf/ros2_ws/install/my_turtlebot:/home/mcifuentesf/ros2_ws/install/mi_chatter_pkg:/opt/ros/humble /usr/bin/cmake --install /home/mcifuentesf/ros_ws/build/iic_lab1
[0.629s] Level 1:colcon.colcon_core.environment:checking '/home/mcifuentesf/ros_ws/install/iic_lab1' for CMake module files
[0.631s] Level 1:colcon.colcon_core.environment:checking '/home/mcifuentesf/ros_ws/install/iic_lab1' for CMake config files
[0.637s] Level 1:colcon.colcon_core.shell:create_environment_hook('iic_lab1', 'cmake_prefix_path')
[0.637s] INFO:colcon.colcon_core.shell:Creating environment hook '/home/mcifuentesf/ros_ws/install/iic_lab1/share/iic_lab1/hook/cmake_prefix_path.ps1'
[0.638s] INFO:colcon.colcon_core.shell:Creating environment descriptor '/home/mcifuentesf/ros_ws/install/iic_lab1/share/iic_lab1/hook/cmake_prefix_path.dsv'
[0.639s] INFO:colcon.colcon_core.shell:Creating environment hook '/home/mcifuentesf/ros_ws/install/iic_lab1/share/iic_lab1/hook/cmake_prefix_path.sh'
[0.640s] Level 1:colcon.colcon_core.environment:checking '/home/mcifuentesf/ros_ws/install/iic_lab1/lib'
[0.640s] Level 1:colcon.colcon_core.environment:checking '/home/mcifuentesf/ros_ws/install/iic_lab1/bin'
[0.640s] Level 1:colcon.colcon_core.environment:checking '/home/mcifuentesf/ros_ws/install/iic_lab1/lib/pkgconfig/iic_lab1.pc'
[0.641s] Level 1:colcon.colcon_core.environment:checking '/home/mcifuentesf/ros_ws/install/iic_lab1/lib/python3.10/site-packages'
[0.641s] Level 1:colcon.colcon_core.environment:checking '/home/mcifuentesf/ros_ws/install/iic_lab1/bin'
[0.642s] INFO:colcon.colcon_core.shell:Creating package script '/home/mcifuentesf/ros_ws/install/iic_lab1/share/iic_lab1/package.ps1'
[0.643s] INFO:colcon.colcon_core.shell:Creating package descriptor '/home/mcifuentesf/ros_ws/install/iic_lab1/share/iic_lab1/package.dsv'
[0.643s] INFO:colcon.colcon_core.shell:Creating package script '/home/mcifuentesf/ros_ws/install/iic_lab1/share/iic_lab1/package.sh'
[0.644s] INFO:colcon.colcon_core.shell:Creating package script '/home/mcifuentesf/ros_ws/install/iic_lab1/share/iic_lab1/package.bash'
[0.646s] INFO:colcon.colcon_core.shell:Creating package script '/home/mcifuentesf/ros_ws/install/iic_lab1/share/iic_lab1/package.zsh'
[0.647s] Level 1:colcon.colcon_core.environment:create_file_with_runtime_dependencies(/home/mcifuentesf/ros_ws/install/iic_lab1/share/colcon-core/packages/iic_lab1)
[0.648s] Level 1:colcon.colcon_core.environment:create_environment_scripts_only(iic_lab1)
[0.649s] Level 1:colcon.colcon_core.environment:checking '/home/mcifuentesf/ros_ws/install/iic_lab1' for CMake module files
[0.649s] Level 1:colcon.colcon_core.environment:checking '/home/mcifuentesf/ros_ws/install/iic_lab1' for CMake config files
[0.649s] Level 1:colcon.colcon_core.shell:create_environment_hook('iic_lab1', 'cmake_prefix_path')
[0.649s] INFO:colcon.colcon_core.shell:Creating environment hook '/home/mcifuentesf/ros_ws/install/iic_lab1/share/iic_lab1/hook/cmake_prefix_path.ps1'
[0.650s] INFO:colcon.colcon_core.shell:Creating environment descriptor '/home/mcifuentesf/ros_ws/install/iic_lab1/share/iic_lab1/hook/cmake_prefix_path.dsv'
[0.650s] INFO:colcon.colcon_core.shell:Creating environment hook '/home/mcifuentesf/ros_ws/install/iic_lab1/share/iic_lab1/hook/cmake_prefix_path.sh'
[0.650s] Level 1:colcon.colcon_core.environment:checking '/home/mcifuentesf/ros_ws/install/iic_lab1/lib'
[0.650s] Level 1:colcon.colcon_core.environment:checking '/home/mcifuentesf/ros_ws/install/iic_lab1/bin'
[0.651s] Level 1:colcon.colcon_core.environment:checking '/home/mcifuentesf/ros_ws/install/iic_lab1/lib/pkgconfig/iic_lab1.pc'
[0.651s] Level 1:colcon.colcon_core.environment:checking '/home/mcifuentesf/ros_ws/install/iic_lab1/lib/python3.10/site-packages'
[0.651s] Level 1:colcon.colcon_core.environment:checking '/home/mcifuentesf/ros_ws/install/iic_lab1/bin'
[0.651s] INFO:colcon.colcon_core.shell:Creating package script '/home/mcifuentesf/ros_ws/install/iic_lab1/share/iic_lab1/package.ps1'
[0.652s] INFO:colcon.colcon_core.shell:Creating package descriptor '/home/mcifuentesf/ros_ws/install/iic_lab1/share/iic_lab1/package.dsv'
[0.652s] INFO:colcon.colcon_core.shell:Creating package script '/home/mcifuentesf/ros_ws/install/iic_lab1/share/iic_lab1/package.sh'
[0.653s] INFO:colcon.colcon_core.shell:Creating package script '/home/mcifuentesf/ros_ws/install/iic_lab1/share/iic_lab1/package.bash'
[0.653s] INFO:colcon.colcon_core.shell:Creating package script '/home/mcifuentesf/ros_ws/install/iic_lab1/share/iic_lab1/package.zsh'
[0.654s] Level 1:colcon.colcon_core.environment:create_file_with_runtime_dependencies(/home/mcifuentesf/ros_ws/install/iic_lab1/share/colcon-core/packages/iic_lab1)
[0.655s] Level 1:colcon.colcon_core.environment:create_environment_scripts_only(cmd_vel_mux)
[0.656s] Level 1:colcon.colcon_core.environment:checking '/home/mcifuentesf/ros_ws/install/cmd_vel_mux' for CMake module files
[0.657s] DEBUG:colcon.colcon_core.event_handler.log_command:Invoked command in '/home/mcifuentesf/ros_ws/build/cmd_vel_mux' returned '0': CMAKE_PREFIX_PATH=${CMAKE_PREFIX_PATH}:/home/mcifuentesf/ros2_ws/install/py_pubsub:/home/mcifuentesf/ros2_ws/install/my_turtlebot:/home/mcifuentesf/ros2_ws/install/mi_chatter_pkg:/opt/ros/humble /usr/bin/cmake --install /home/mcifuentesf/ros_ws/build/cmd_vel_mux
[0.657s] Level 1:colcon.colcon_core.environment:checking '/home/mcifuentesf/ros_ws/install/cmd_vel_mux' for CMake config files
[0.657s] Level 1:colcon.colcon_core.shell:create_environment_hook('cmd_vel_mux', 'cmake_prefix_path')
[0.657s] INFO:colcon.colcon_core.shell:Creating environment hook '/home/mcifuentesf/ros_ws/install/cmd_vel_mux/share/cmd_vel_mux/hook/cmake_prefix_path.ps1'
[0.658s] INFO:colcon.colcon_core.shell:Creating environment descriptor '/home/mcifuentesf/ros_ws/install/cmd_vel_mux/share/cmd_vel_mux/hook/cmake_prefix_path.dsv'
[0.658s] INFO:colcon.colcon_core.shell:Creating environment hook '/home/mcifuentesf/ros_ws/install/cmd_vel_mux/share/cmd_vel_mux/hook/cmake_prefix_path.sh'
[0.659s] Level 1:colcon.colcon_core.environment:checking '/home/mcifuentesf/ros_ws/install/cmd_vel_mux/lib'
[0.659s] Level 1:colcon.colcon_core.shell:create_environment_hook('cmd_vel_mux', 'ld_library_path_lib')
[0.659s] INFO:colcon.colcon_core.shell:Creating environment hook '/home/mcifuentesf/ros_ws/install/cmd_vel_mux/share/cmd_vel_mux/hook/ld_library_path_lib.ps1'
[0.659s] INFO:colcon.colcon_core.shell:Creating environment descriptor '/home/mcifuentesf/ros_ws/install/cmd_vel_mux/share/cmd_vel_mux/hook/ld_library_path_lib.dsv'
[0.659s] INFO:colcon.colcon_core.shell:Creating environment hook '/home/mcifuentesf/ros_ws/install/cmd_vel_mux/share/cmd_vel_mux/hook/ld_library_path_lib.sh'
[0.660s] Level 1:colcon.colcon_core.environment:checking '/home/mcifuentesf/ros_ws/install/cmd_vel_mux/bin'
[0.660s] Level 1:colcon.colcon_core.environment:checking '/home/mcifuentesf/ros_ws/install/cmd_vel_mux/lib/pkgconfig/cmd_vel_mux.pc'
[0.660s] Level 1:colcon.colcon_core.environment:checking '/home/mcifuentesf/ros_ws/install/cmd_vel_mux/lib/python3.10/site-packages'
[0.660s] Level 1:colcon.colcon_core.environment:checking '/home/mcifuentesf/ros_ws/install/cmd_vel_mux/bin'
[0.660s] INFO:colcon.colcon_core.shell:Creating package script '/home/mcifuentesf/ros_ws/install/cmd_vel_mux/share/cmd_vel_mux/package.ps1'
[0.661s] INFO:colcon.colcon_core.shell:Creating package descriptor '/home/mcifuentesf/ros_ws/install/cmd_vel_mux/share/cmd_vel_mux/package.dsv'
[0.661s] INFO:colcon.colcon_core.shell:Creating package script '/home/mcifuentesf/ros_ws/install/cmd_vel_mux/share/cmd_vel_mux/package.sh'
[0.662s] INFO:colcon.colcon_core.shell:Creating package script '/home/mcifuentesf/ros_ws/install/cmd_vel_mux/share/cmd_vel_mux/package.bash'
[0.662s] INFO:colcon.colcon_core.shell:Creating package script '/home/mcifuentesf/ros_ws/install/cmd_vel_mux/share/cmd_vel_mux/package.zsh'
[0.662s] Level 1:colcon.colcon_core.environment:create_file_with_runtime_dependencies(/home/mcifuentesf/ros_ws/install/cmd_vel_mux/share/colcon-core/packages/cmd_vel_mux)
[0.663s] Level 1:colcon.colcon_core.environment:create_environment_scripts_only(cmd_vel_mux)
[0.663s] Level 1:colcon.colcon_core.environment:checking '/home/mcifuentesf/ros_ws/install/cmd_vel_mux' for CMake module files
[0.664s] Level 1:colcon.colcon_core.environment:checking '/home/mcifuentesf/ros_ws/install/cmd_vel_mux' for CMake config files
[0.664s] Level 1:colcon.colcon_core.shell:create_environment_hook('cmd_vel_mux', 'cmake_prefix_path')
[0.664s] INFO:colcon.colcon_core.shell:Creating environment hook '/home/mcifuentesf/ros_ws/install/cmd_vel_mux/share/cmd_vel_mux/hook/cmake_prefix_path.ps1'
[0.664s] INFO:colcon.colcon_core.shell:Creating environment descriptor '/home/mcifuentesf/ros_ws/install/cmd_vel_mux/share/cmd_vel_mux/hook/cmake_prefix_path.dsv'
[0.665s] INFO:colcon.colcon_core.shell:Creating environment hook '/home/mcifuentesf/ros_ws/install/cmd_vel_mux/share/cmd_vel_mux/hook/cmake_prefix_path.sh'
[0.665s] Level 1:colcon.colcon_core.environment:checking '/home/mcifuentesf/ros_ws/install/cmd_vel_mux/lib'
[0.665s] Level 1:colcon.colcon_core.shell:create_environment_hook('cmd_vel_mux', 'ld_library_path_lib')
[0.666s] INFO:colcon.colcon_core.shell:Creating environment hook '/home/mcifuentesf/ros_ws/install/cmd_vel_mux/share/cmd_vel_mux/hook/ld_library_path_lib.ps1'
[0.666s] INFO:colcon.colcon_core.shell:Creating environment descriptor '/home/mcifuentesf/ros_ws/install/cmd_vel_mux/share/cmd_vel_mux/hook/ld_library_path_lib.dsv'
[0.667s] INFO:colcon.colcon_core.shell:Creating environment hook '/home/mcifuentesf/ros_ws/install/cmd_vel_mux/share/cmd_vel_mux/hook/ld_library_path_lib.sh'
[0.667s] Level 1:colcon.colcon_core.environment:checking '/home/mcifuentesf/ros_ws/install/cmd_vel_mux/bin'
[0.667s] Level 1:colcon.colcon_core.environment:checking '/home/mcifuentesf/ros_ws/install/cmd_vel_mux/lib/pkgconfig/cmd_vel_mux.pc'
[0.667s] Level 1:colcon.colcon_core.environment:checking '/home/mcifuentesf/ros_ws/install/cmd_vel_mux/lib/python3.10/site-packages'
[0.668s] Level 1:colcon.colcon_core.environment:checking '/home/mcifuentesf/ros_ws/install/cmd_vel_mux/bin'
[0.668s] INFO:colcon.colcon_core.shell:Creating package script '/home/mcifuentesf/ros_ws/install/cmd_vel_mux/share/cmd_vel_mux/package.ps1'
[0.669s] INFO:colcon.colcon_core.shell:Creating package descriptor '/home/mcifuentesf/ros_ws/install/cmd_vel_mux/share/cmd_vel_mux/package.dsv'
[0.669s] INFO:colcon.colcon_core.shell:Creating package script '/home/mcifuentesf/ros_ws/install/cmd_vel_mux/share/cmd_vel_mux/package.sh'
[0.670s] INFO:colcon.colcon_core.shell:Creating package script '/home/mcifuentesf/ros_ws/install/cmd_vel_mux/share/cmd_vel_mux/package.bash'
[0.670s] INFO:colcon.colcon_core.shell:Creating package script '/home/mcifuentesf/ros_ws/install/cmd_vel_mux/share/cmd_vel_mux/package.zsh'
[0.670s] Level 1:colcon.colcon_core.environment:create_file_with_runtime_dependencies(/home/mcifuentesf/ros_ws/install/cmd_vel_mux/share/colcon-core/packages/cmd_vel_mux)
[0.990s] DEBUG:colcon.colcon_core.event_handler.log_command:Invoked command in '/home/mcifuentesf/ros_ws/build/very_simple_robot_simulator' returned '0': CMAKE_PREFIX_PATH=${CMAKE_PREFIX_PATH}:/home/mcifuentesf/ros2_ws/install/py_pubsub:/home/mcifuentesf/ros2_ws/install/my_turtlebot:/home/mcifuentesf/ros2_ws/install/mi_chatter_pkg:/opt/ros/humble /usr/bin/cmake --build /home/mcifuentesf/ros_ws/build/very_simple_robot_simulator -- -j8 -l8
[0.992s] DEBUG:colcon.colcon_core.event_handler.log_command:Invoking command in '/home/mcifuentesf/ros_ws/build/very_simple_robot_simulator': CMAKE_PREFIX_PATH=${CMAKE_PREFIX_PATH}:/home/mcifuentesf/ros2_ws/install/py_pubsub:/home/mcifuentesf/ros2_ws/install/my_turtlebot:/home/mcifuentesf/ros2_ws/install/mi_chatter_pkg:/opt/ros/humble /usr/bin/cmake --install /home/mcifuentesf/ros_ws/build/very_simple_robot_simulator
[1.041s] Level 1:colcon.colcon_core.environment:create_environment_scripts_only(very_simple_robot_simulator)
[1.041s] Level 1:colcon.colcon_core.environment:checking '/home/mcifuentesf/ros_ws/install/very_simple_robot_simulator' for CMake module files
[1.042s] DEBUG:colcon.colcon_core.event_handler.log_command:Invoked command in '/home/mcifuentesf/ros_ws/build/very_simple_robot_simulator' returned '0': CMAKE_PREFIX_PATH=${CMAKE_PREFIX_PATH}:/home/mcifuentesf/ros2_ws/install/py_pubsub:/home/mcifuentesf/ros2_ws/install/my_turtlebot:/home/mcifuentesf/ros2_ws/install/mi_chatter_pkg:/opt/ros/humble /usr/bin/cmake --install /home/mcifuentesf/ros_ws/build/very_simple_robot_simulator
[1.042s] Level 1:colcon.colcon_core.environment:checking '/home/mcifuentesf/ros_ws/install/very_simple_robot_simulator' for CMake config files
[1.042s] Level 1:colcon.colcon_core.shell:create_environment_hook('very_simple_robot_simulator', 'cmake_prefix_path')
[1.043s] INFO:colcon.colcon_core.shell:Creating environment hook '/home/mcifuentesf/ros_ws/install/very_simple_robot_simulator/share/very_simple_robot_simulator/hook/cmake_prefix_path.ps1'
[1.043s] INFO:colcon.colcon_core.shell:Creating environment descriptor '/home/mcifuentesf/ros_ws/install/very_simple_robot_simulator/share/very_simple_robot_simulator/hook/cmake_prefix_path.dsv'
[1.043s] INFO:colcon.colcon_core.shell:Creating environment hook '/home/mcifuentesf/ros_ws/install/very_simple_robot_simulator/share/very_simple_robot_simulator/hook/cmake_prefix_path.sh'
[1.044s] Level 1:colcon.colcon_core.environment:checking '/home/mcifuentesf/ros_ws/install/very_simple_robot_simulator/lib'
[1.044s] Level 1:colcon.colcon_core.environment:checking '/home/mcifuentesf/ros_ws/install/very_simple_robot_simulator/bin'
[1.044s] Level 1:colcon.colcon_core.environment:checking '/home/mcifuentesf/ros_ws/install/very_simple_robot_simulator/lib/pkgconfig/very_simple_robot_simulator.pc'
[1.045s] Level 1:colcon.colcon_core.environment:checking '/home/mcifuentesf/ros_ws/install/very_simple_robot_simulator/lib/python3.10/site-packages'
[1.045s] Level 1:colcon.colcon_core.environment:checking '/home/mcifuentesf/ros_ws/install/very_simple_robot_simulator/bin'
[1.045s] INFO:colcon.colcon_core.shell:Creating package script '/home/mcifuentesf/ros_ws/install/very_simple_robot_simulator/share/very_simple_robot_simulator/package.ps1'
[1.046s] INFO:colcon.colcon_core.shell:Creating package descriptor '/home/mcifuentesf/ros_ws/install/very_simple_robot_simulator/share/very_simple_robot_simulator/package.dsv'
[1.046s] INFO:colcon.colcon_core.shell:Creating package script '/home/mcifuentesf/ros_ws/install/very_simple_robot_simulator/share/very_simple_robot_simulator/package.sh'
[1.046s] INFO:colcon.colcon_core.shell:Creating package script '/home/mcifuentesf/ros_ws/install/very_simple_robot_simulator/share/very_simple_robot_simulator/package.bash'
[1.047s] INFO:colcon.colcon_core.shell:Creating package script '/home/mcifuentesf/ros_ws/install/very_simple_robot_simulator/share/very_simple_robot_simulator/package.zsh'
[1.047s] Level 1:colcon.colcon_core.environment:create_file_with_runtime_dependencies(/home/mcifuentesf/ros_ws/install/very_simple_robot_simulator/share/colcon-core/packages/very_simple_robot_simulator)
[1.048s] Level 1:colcon.colcon_core.environment:create_environment_scripts_only(very_simple_robot_simulator)
[1.048s] Level 1:colcon.colcon_core.environment:checking '/home/mcifuentesf/ros_ws/install/very_simple_robot_simulator' for CMake module files
[1.048s] Level 1:colcon.colcon_core.environment:checking '/home/mcifuentesf/ros_ws/install/very_simple_robot_simulator' for CMake config files
[1.049s] Level 1:colcon.colcon_core.shell:create_environment_hook('very_simple_robot_simulator', 'cmake_prefix_path')
[1.049s] INFO:colcon.colcon_core.shell:Creating environment hook '/home/mcifuentesf/ros_ws/install/very_simple_robot_simulator/share/very_simple_robot_simulator/hook/cmake_prefix_path.ps1'
[1.049s] INFO:colcon.colcon_core.shell:Creating environment descriptor '/home/mcifuentesf/ros_ws/install/very_simple_robot_simulator/share/very_simple_robot_simulator/hook/cmake_prefix_path.dsv'
[1.050s] INFO:colcon.colcon_core.shell:Creating environment hook '/home/mcifuentesf/ros_ws/install/very_simple_robot_simulator/share/very_simple_robot_simulator/hook/cmake_prefix_path.sh'
[1.050s] Level 1:colcon.colcon_core.environment:checking '/home/mcifuentesf/ros_ws/install/very_simple_robot_simulator/lib'
[1.050s] Level 1:colcon.colcon_core.environment:checking '/home/mcifuentesf/ros_ws/install/very_simple_robot_simulator/bin'
[1.050s] Level 1:colcon.colcon_core.environment:checking '/home/mcifuentesf/ros_ws/install/very_simple_robot_simulator/lib/pkgconfig/very_simple_robot_simulator.pc'
[1.051s] Level 1:colcon.colcon_core.environment:checking '/home/mcifuentesf/ros_ws/install/very_simple_robot_simulator/lib/python3.10/site-packages'
[1.051s] Level 1:colcon.colcon_core.environment:checking '/home/mcifuentesf/ros_ws/install/very_simple_robot_simulator/bin'
[1.051s] INFO:colcon.colcon_core.shell:Creating package script '/home/mcifuentesf/ros_ws/install/very_simple_robot_simulator/share/very_simple_robot_simulator/package.ps1'
[1.052s] INFO:colcon.colcon_core.shell:Creating package descriptor '/home/mcifuentesf/ros_ws/install/very_simple_robot_simulator/share/very_simple_robot_simulator/package.dsv'
[1.053s] INFO:colcon.colcon_core.shell:Creating package script '/home/mcifuentesf/ros_ws/install/very_simple_robot_simulator/share/very_simple_robot_simulator/package.sh'
[1.053s] INFO:colcon.colcon_core.shell:Creating package script '/home/mcifuentesf/ros_ws/install/very_simple_robot_simulator/share/very_simple_robot_simulator/package.bash'
[1.053s] INFO:colcon.colcon_core.shell:Creating package script '/home/mcifuentesf/ros_ws/install/very_simple_robot_simulator/share/very_simple_robot_simulator/package.zsh'
[1.054s] Level 1:colcon.colcon_core.environment:create_file_with_runtime_dependencies(/home/mcifuentesf/ros_ws/install/very_simple_robot_simulator/share/colcon-core/packages/very_simple_robot_simulator)
[1.054s] DEBUG:colcon.colcon_parallel_executor.executor.parallel:closing loop
[1.055s] DEBUG:colcon.colcon_parallel_executor.executor.parallel:loop closed
[1.055s] DEBUG:colcon.colcon_parallel_executor.executor.parallel:run_until_complete finished with '0'
[1.055s] DEBUG:colcon.colcon_core.event_reactor:joining thread
[1.088s] INFO:colcon.colcon_core.plugin_system:Skipping extension 'colcon_notification.desktop_notification.notify_send': Could not find 'notify-send'
[1.089s] INFO:colcon.colcon_core.plugin_system:Skipping extension 'colcon_notification.desktop_notification.terminal_notifier': Not used on non-Darwin systems
[1.089s] INFO:colcon.colcon_core.plugin_system:Skipping extension 'colcon_notification.desktop_notification.win32': Not used on non-Windows systems
[1.089s] INFO:colcon.colcon_notification.desktop_notification:Sending desktop notification using 'notify2'
[1.090s] DEBUG:colcon.colcon_notification.desktop_notification.notify2:Failed to initialize notify2: org.freedesktop.DBus.Error.ServiceUnknown: The name org.freedesktop.Notifications was not provided by any .service files
[1.090s] DEBUG:colcon.colcon_core.event_reactor:joined thread
[1.090s] INFO:colcon.colcon_core.shell:Creating prefix script '/home/mcifuentesf/ros_ws/install/local_setup.ps1'
[1.091s] INFO:colcon.colcon_core.shell:Creating prefix util module '/home/mcifuentesf/ros_ws/install/_local_setup_util_ps1.py'
[1.092s] INFO:colcon.colcon_core.shell:Creating prefix chain script '/home/mcifuentesf/ros_ws/install/setup.ps1'
[1.093s] INFO:colcon.colcon_core.shell:Creating prefix script '/home/mcifuentesf/ros_ws/install/local_setup.sh'
[1.094s] INFO:colcon.colcon_core.shell:Creating prefix util module '/home/mcifuentesf/ros_ws/install/_local_setup_util_sh.py'
[1.094s] INFO:colcon.colcon_core.shell:Creating prefix chain script '/home/mcifuentesf/ros_ws/install/setup.sh'
[1.095s] INFO:colcon.colcon_core.shell:Creating prefix script '/home/mcifuentesf/ros_ws/install/local_setup.bash'
[1.096s] INFO:colcon.colcon_core.shell:Creating prefix chain script '/home/mcifuentesf/ros_ws/install/setup.bash'
[1.097s] INFO:colcon.colcon_core.shell:Creating prefix script '/home/mcifuentesf/ros_ws/install/local_setup.zsh'
[1.097s] INFO:colcon.colcon_core.shell:Creating prefix chain script '/home/mcifuentesf/ros_ws/install/setup.zsh'
