[0.254s] DEBUG:colcon:Command line arguments: ['/usr/bin/colcon', 'build', '--symlink-install']
[0.254s] DEBUG:colcon:Parsed command line arguments: Namespace(log_base=None, log_level=None, verb_name='build', build_base='build', install_base='install', merge_install=False, symlink_install=True, test_result_base=None, continue_on_error=False, executor='parallel', parallel_workers=8, event_handlers=None, ignore_user_meta=False, metas=['./colcon.meta'], base_paths=['.'], packages_ignore=None, packages_ignore_regex=None, paths=None, packages_up_to=None, packages_up_to_regex=None, packages_above=None, packages_above_and_dependencies=None, packages_above_depth=None, packages_select_by_dep=None, packages_skip_by_dep=None, packages_skip_up_to=None, packages_select_build_failed=False, packages_skip_build_finished=False, packages_select_test_failures=False, packages_skip_test_passed=False, packages_select=None, packages_skip=None, packages_select_regex=None, packages_skip_regex=None, packages_start=None, packages_end=None, allow_overriding=[], cmake_args=None, cmake_target=None, cmake_target_skip_unavailable=False, cmake_clean_cache=False, cmake_clean_first=False, cmake_force_configure=False, ament_cmake_args=None, catkin_cmake_args=None, catkin_skip_building_tests=False, mixin_files=None, mixin=None, verb_parser=<colcon_mixin.mixin.mixin_argument.MixinArgumentDecorator object at 0x7efcc67c7550>, verb_extension=<colcon_core.verb.build.BuildVerb object at 0x7efcc67c6fe0>, main=<bound method BuildVerb.main of <colcon_core.verb.build.BuildVerb object at 0x7efcc67c6fe0>>, mixin_verb=('build',))
[0.781s] Level 1:colcon.colcon_core.package_discovery:discover_packages(colcon_meta) check parameters
[0.781s] Level 1:colcon.colcon_core.package_discovery:discover_packages(recursive) check parameters
[0.782s] Level 1:colcon.colcon_core.package_discovery:discover_packages(ignore) check parameters
[0.782s] Level 1:colcon.colcon_core.package_discovery:discover_packages(path) check parameters
[0.782s] Level 1:colcon.colcon_core.package_discovery:discover_packages(colcon_meta) discover
[0.782s] Level 1:colcon.colcon_core.package_discovery:discover_packages(recursive) discover
[0.782s] INFO:colcon.colcon_core.package_discovery:Crawling recursively for packages in '/home/mcifuentesf/ros_ws'
[0.782s] Level 1:colcon.colcon_core.package_identification:_identify(.) by extensions ['ignore', 'ignore_ament_install']
[0.782s] Level 1:colcon.colcon_core.package_identification:_identify(.) by extension 'ignore'
[0.782s] Level 1:colcon.colcon_core.package_identification:_identify(.) by extension 'ignore_ament_install'
[0.782s] Level 1:colcon.colcon_core.package_identification:_identify(.) by extensions ['colcon_pkg']
[0.782s] Level 1:colcon.colcon_core.package_identification:_identify(.) by extension 'colcon_pkg'
[0.782s] Level 1:colcon.colcon_core.package_identification:_identify(.) by extensions ['colcon_meta']
[0.782s] Level 1:colcon.colcon_core.package_identification:_identify(.) by extension 'colcon_meta'
[0.782s] Level 1:colcon.colcon_core.package_identification:_identify(.) by extensions ['ros']
[0.782s] Level 1:colcon.colcon_core.package_identification:_identify(.) by extension 'ros'
[0.799s] Level 1:colcon.colcon_core.package_identification:_identify(.) by extensions ['cmake', 'python']
[0.799s] Level 1:colcon.colcon_core.package_identification:_identify(.) by extension 'cmake'
[0.799s] Level 1:colcon.colcon_core.package_identification:_identify(.) by extension 'python'
[0.799s] Level 1:colcon.colcon_core.package_identification:_identify(.) by extensions ['python_setup_py']
[0.799s] Level 1:colcon.colcon_core.package_identification:_identify(.) by extension 'python_setup_py'
[0.800s] Level 1:colcon.colcon_core.package_identification:_identify(build) by extensions ['ignore', 'ignore_ament_install']
[0.800s] Level 1:colcon.colcon_core.package_identification:_identify(build) by extension 'ignore'
[0.800s] Level 1:colcon.colcon_core.package_identification:_identify(build) ignored
[0.801s] Level 1:colcon.colcon_core.package_identification:_identify(install) by extensions ['ignore', 'ignore_ament_install']
[0.801s] Level 1:colcon.colcon_core.package_identification:_identify(install) by extension 'ignore'
[0.801s] Level 1:colcon.colcon_core.package_identification:_identify(install) ignored
[0.801s] Level 1:colcon.colcon_core.package_identification:_identify(log) by extensions ['ignore', 'ignore_ament_install']
[0.801s] Level 1:colcon.colcon_core.package_identification:_identify(log) by extension 'ignore'
[0.801s] Level 1:colcon.colcon_core.package_identification:_identify(log) ignored
[0.802s] Level 1:colcon.colcon_core.package_identification:_identify(src) by extensions ['ignore', 'ignore_ament_install']
[0.802s] Level 1:colcon.colcon_core.package_identification:_identify(src) by extension 'ignore'
[0.802s] Level 1:colcon.colcon_core.package_identification:_identify(src) by extension 'ignore_ament_install'
[0.802s] Level 1:colcon.colcon_core.package_identification:_identify(src) by extensions ['colcon_pkg']
[0.802s] Level 1:colcon.colcon_core.package_identification:_identify(src) by extension 'colcon_pkg'
[0.802s] Level 1:colcon.colcon_core.package_identification:_identify(src) by extensions ['colcon_meta']
[0.802s] Level 1:colcon.colcon_core.package_identification:_identify(src) by extension 'colcon_meta'
[0.802s] Level 1:colcon.colcon_core.package_identification:_identify(src) by extensions ['ros']
[0.802s] Level 1:colcon.colcon_core.package_identification:_identify(src) by extension 'ros'
[0.802s] Level 1:colcon.colcon_core.package_identification:_identify(src) by extensions ['cmake', 'python']
[0.802s] Level 1:colcon.colcon_core.package_identification:_identify(src) by extension 'cmake'
[0.802s] Level 1:colcon.colcon_core.package_identification:_identify(src) by extension 'python'
[0.802s] Level 1:colcon.colcon_core.package_identification:_identify(src) by extensions ['python_setup_py']
[0.802s] Level 1:colcon.colcon_core.package_identification:_identify(src) by extension 'python_setup_py'
[0.803s] Level 1:colcon.colcon_core.package_identification:_identify(src/cmd_vel_mux) by extensions ['ignore', 'ignore_ament_install']
[0.803s] Level 1:colcon.colcon_core.package_identification:_identify(src/cmd_vel_mux) by extension 'ignore'
[0.803s] Level 1:colcon.colcon_core.package_identification:_identify(src/cmd_vel_mux) by extension 'ignore_ament_install'
[0.803s] Level 1:colcon.colcon_core.package_identification:_identify(src/cmd_vel_mux) by extensions ['colcon_pkg']
[0.803s] Level 1:colcon.colcon_core.package_identification:_identify(src/cmd_vel_mux) by extension 'colcon_pkg'
[0.803s] Level 1:colcon.colcon_core.package_identification:_identify(src/cmd_vel_mux) by extensions ['colcon_meta']
[0.803s] Level 1:colcon.colcon_core.package_identification:_identify(src/cmd_vel_mux) by extension 'colcon_meta'
[0.803s] Level 1:colcon.colcon_core.package_identification:_identify(src/cmd_vel_mux) by extensions ['ros']
[0.803s] Level 1:colcon.colcon_core.package_identification:_identify(src/cmd_vel_mux) by extension 'ros'
[0.807s] DEBUG:colcon.colcon_core.package_identification:Package 'src/cmd_vel_mux' with type 'ros.ament_cmake' and name 'cmd_vel_mux'
[0.808s] Level 1:colcon.colcon_core.package_identification:_identify(src/iic_lab1) by extensions ['ignore', 'ignore_ament_install']
[0.808s] Level 1:colcon.colcon_core.package_identification:_identify(src/iic_lab1) by extension 'ignore'
[0.808s] Level 1:colcon.colcon_core.package_identification:_identify(src/iic_lab1) by extension 'ignore_ament_install'
[0.808s] Level 1:colcon.colcon_core.package_identification:_identify(src/iic_lab1) by extensions ['colcon_pkg']
[0.808s] Level 1:colcon.colcon_core.package_identification:_identify(src/iic_lab1) by extension 'colcon_pkg'
[0.808s] Level 1:colcon.colcon_core.package_identification:_identify(src/iic_lab1) by extensions ['colcon_meta']
[0.808s] Level 1:colcon.colcon_core.package_identification:_identify(src/iic_lab1) by extension 'colcon_meta'
[0.808s] Level 1:colcon.colcon_core.package_identification:_identify(src/iic_lab1) by extensions ['ros']
[0.808s] Level 1:colcon.colcon_core.package_identification:_identify(src/iic_lab1) by extension 'ros'
[0.809s] DEBUG:colcon.colcon_core.package_identification:Package 'src/iic_lab1' with type 'ros.ament_cmake' and name 'iic_lab1'
[0.809s] Level 1:colcon.colcon_core.package_identification:_identify(src/very_simple_robot_simulator) by extensions ['ignore', 'ignore_ament_install']
[0.809s] Level 1:colcon.colcon_core.package_identification:_identify(src/very_simple_robot_simulator) by extension 'ignore'
[0.809s] Level 1:colcon.colcon_core.package_identification:_identify(src/very_simple_robot_simulator) by extension 'ignore_ament_install'
[0.810s] Level 1:colcon.colcon_core.package_identification:_identify(src/very_simple_robot_simulator) by extensions ['colcon_pkg']
[0.810s] Level 1:colcon.colcon_core.package_identification:_identify(src/very_simple_robot_simulator) by extension 'colcon_pkg'
[0.810s] Level 1:colcon.colcon_core.package_identification:_identify(src/very_simple_robot_simulator) by extensions ['colcon_meta']
[0.810s] Level 1:colcon.colcon_core.package_identification:_identify(src/very_simple_robot_simulator) by extension 'colcon_meta'
[0.810s] Level 1:colcon.colcon_core.package_identification:_identify(src/very_simple_robot_simulator) by extensions ['ros']
[0.810s] Level 1:colcon.colcon_core.package_identification:_identify(src/very_simple_robot_simulator) by extension 'ros'
[0.810s] DEBUG:colcon.colcon_core.package_identification:Package 'src/very_simple_robot_simulator' with type 'ros.ament_cmake' and name 'very_simple_robot_simulator'
[0.810s] Level 1:colcon.colcon_core.package_discovery:discover_packages(recursive) using defaults
[0.810s] Level 1:colcon.colcon_core.package_discovery:discover_packages(ignore) discover
[0.810s] Level 1:colcon.colcon_core.package_discovery:discover_packages(ignore) using defaults
[0.810s] Level 1:colcon.colcon_core.package_discovery:discover_packages(path) discover
[0.810s] Level 1:colcon.colcon_core.package_discovery:discover_packages(path) using defaults
[0.846s] Level 1:colcon.colcon_core.package_discovery:discover_packages(prefix_path) check parameters
[0.846s] Level 1:colcon.colcon_core.package_discovery:discover_packages(prefix_path) discover
[0.850s] WARNING:colcon.colcon_ros.prefix_path.ament:The path '/home/mcifuentesf/ros_ws/install/pkg_control_1' in the environment variable AMENT_PREFIX_PATH doesn't exist
[0.852s] WARNING:colcon.colcon_ros.prefix_path.catkin:The path '/home/mcifuentesf/ros_ws/install/pkg_control_1' in the environment variable CMAKE_PREFIX_PATH doesn't exist
[0.853s] DEBUG:colcon.colcon_installed_package_information.package_discovery:Found 1 installed packages in /home/mcifuentesf/ros_ws/install
[0.854s] DEBUG:colcon.colcon_installed_package_information.package_discovery:Found 5 installed packages in /home/mcifuentesf/ros2_ws/install
[0.860s] DEBUG:colcon.colcon_installed_package_information.package_discovery:Found 1709 installed packages in /opt/ros/humble
[0.867s] Level 1:colcon.colcon_core.package_discovery:discover_packages(prefix_path) using defaults
[1.159s] Level 5:colcon.colcon_core.verb:set package 'cmd_vel_mux' build argument 'cmake_args' from command line to 'None'
[1.159s] Level 5:colcon.colcon_core.verb:set package 'cmd_vel_mux' build argument 'cmake_target' from command line to 'None'
[1.159s] Level 5:colcon.colcon_core.verb:set package 'cmd_vel_mux' build argument 'cmake_target_skip_unavailable' from command line to 'False'
[1.159s] Level 5:colcon.colcon_core.verb:set package 'cmd_vel_mux' build argument 'cmake_clean_cache' from command line to 'False'
[1.159s] Level 5:colcon.colcon_core.verb:set package 'cmd_vel_mux' build argument 'cmake_clean_first' from command line to 'False'
[1.159s] Level 5:colcon.colcon_core.verb:set package 'cmd_vel_mux' build argument 'cmake_force_configure' from command line to 'False'
[1.159s] Level 5:colcon.colcon_core.verb:set package 'cmd_vel_mux' build argument 'ament_cmake_args' from command line to 'None'
[1.159s] Level 5:colcon.colcon_core.verb:set package 'cmd_vel_mux' build argument 'catkin_cmake_args' from command line to 'None'
[1.159s] Level 5:colcon.colcon_core.verb:set package 'cmd_vel_mux' build argument 'catkin_skip_building_tests' from command line to 'False'
[1.159s] DEBUG:colcon.colcon_core.verb:Building package 'cmd_vel_mux' with the following arguments: {'ament_cmake_args': None, 'build_base': '/home/mcifuentesf/ros_ws/build/cmd_vel_mux', 'catkin_cmake_args': None, 'catkin_skip_building_tests': False, 'cmake_args': None, 'cmake_clean_cache': False, 'cmake_clean_first': False, 'cmake_force_configure': False, 'cmake_target': None, 'cmake_target_skip_unavailable': False, 'install_base': '/home/mcifuentesf/ros_ws/install/cmd_vel_mux', 'merge_install': False, 'path': '/home/mcifuentesf/ros_ws/src/cmd_vel_mux', 'symlink_install': True, 'test_result_base': None}
[1.159s] Level 5:colcon.colcon_core.verb:set package 'iic_lab1' build argument 'cmake_args' from command line to 'None'
[1.159s] Level 5:colcon.colcon_core.verb:set package 'iic_lab1' build argument 'cmake_target' from command line to 'None'
[1.159s] Level 5:colcon.colcon_core.verb:set package 'iic_lab1' build argument 'cmake_target_skip_unavailable' from command line to 'False'
[1.159s] Level 5:colcon.colcon_core.verb:set package 'iic_lab1' build argument 'cmake_clean_cache' from command line to 'False'
[1.159s] Level 5:colcon.colcon_core.verb:set package 'iic_lab1' build argument 'cmake_clean_first' from command line to 'False'
[1.159s] Level 5:colcon.colcon_core.verb:set package 'iic_lab1' build argument 'cmake_force_configure' from command line to 'False'
[1.159s] Level 5:colcon.colcon_core.verb:set package 'iic_lab1' build argument 'ament_cmake_args' from command line to 'None'
[1.159s] Level 5:colcon.colcon_core.verb:set package 'iic_lab1' build argument 'catkin_cmake_args' from command line to 'None'
[1.159s] Level 5:colcon.colcon_core.verb:set package 'iic_lab1' build argument 'catkin_skip_building_tests' from command line to 'False'
[1.159s] DEBUG:colcon.colcon_core.verb:Building package 'iic_lab1' with the following arguments: {'ament_cmake_args': None, 'build_base': '/home/mcifuentesf/ros_ws/build/iic_lab1', 'catkin_cmake_args': None, 'catkin_skip_building_tests': False, 'cmake_args': None, 'cmake_clean_cache': False, 'cmake_clean_first': False, 'cmake_force_configure': False, 'cmake_target': None, 'cmake_target_skip_unavailable': False, 'install_base': '/home/mcifuentesf/ros_ws/install/iic_lab1', 'merge_install': False, 'path': '/home/mcifuentesf/ros_ws/src/iic_lab1', 'symlink_install': True, 'test_result_base': None}
[1.160s] Level 5:colcon.colcon_core.verb:set package 'very_simple_robot_simulator' build argument 'cmake_args' from command line to 'None'
[1.160s] Level 5:colcon.colcon_core.verb:set package 'very_simple_robot_simulator' build argument 'cmake_target' from command line to 'None'
[1.160s] Level 5:colcon.colcon_core.verb:set package 'very_simple_robot_simulator' build argument 'cmake_target_skip_unavailable' from command line to 'False'
[1.160s] Level 5:colcon.colcon_core.verb:set package 'very_simple_robot_simulator' build argument 'cmake_clean_cache' from command line to 'False'
[1.160s] Level 5:colcon.colcon_core.verb:set package 'very_simple_robot_simulator' build argument 'cmake_clean_first' from command line to 'False'
[1.160s] Level 5:colcon.colcon_core.verb:set package 'very_simple_robot_simulator' build argument 'cmake_force_configure' from command line to 'False'
[1.160s] Level 5:colcon.colcon_core.verb:set package 'very_simple_robot_simulator' build argument 'ament_cmake_args' from command line to 'None'
[1.160s] Level 5:colcon.colcon_core.verb:set package 'very_simple_robot_simulator' build argument 'catkin_cmake_args' from command line to 'None'
[1.160s] Level 5:colcon.colcon_core.verb:set package 'very_simple_robot_simulator' build argument 'catkin_skip_building_tests' from command line to 'False'
[1.160s] DEBUG:colcon.colcon_core.verb:Building package 'very_simple_robot_simulator' with the following arguments: {'ament_cmake_args': None, 'build_base': '/home/mcifuentesf/ros_ws/build/very_simple_robot_simulator', 'catkin_cmake_args': None, 'catkin_skip_building_tests': False, 'cmake_args': None, 'cmake_clean_cache': False, 'cmake_clean_first': False, 'cmake_force_configure': False, 'cmake_target': None, 'cmake_target_skip_unavailable': False, 'install_base': '/home/mcifuentesf/ros_ws/install/very_simple_robot_simulator', 'merge_install': False, 'path': '/home/mcifuentesf/ros_ws/src/very_simple_robot_simulator', 'symlink_install': True, 'test_result_base': None}
[1.160s] INFO:colcon.colcon_core.executor:Executing jobs using 'parallel' executor
[1.161s] DEBUG:colcon.colcon_parallel_executor.executor.parallel:run_until_complete
[1.162s] INFO:colcon.colcon_ros.task.ament_cmake.build:Building ROS package in '/home/mcifuentesf/ros_ws/src/cmd_vel_mux' with build type 'ament_cmake'
[1.163s] INFO:colcon.colcon_cmake.task.cmake.build:Building CMake package in '/home/mcifuentesf/ros_ws/src/cmd_vel_mux'
[1.169s] INFO:colcon.colcon_core.plugin_system:Skipping extension 'colcon_core.shell.bat': Not used on non-Windows systems
[1.170s] INFO:colcon.colcon_core.shell:Skip shell extension 'powershell' for command environment: Not usable outside of PowerShell
[1.170s] DEBUG:colcon.colcon_core.shell:Skip shell extension 'dsv' for command environment
[1.177s] INFO:colcon.colcon_ros.task.ament_cmake.build:Building ROS package in '/home/mcifuentesf/ros_ws/src/iic_lab1' with build type 'ament_cmake'
[1.177s] INFO:colcon.colcon_cmake.task.cmake.build:Building CMake package in '/home/mcifuentesf/ros_ws/src/iic_lab1'
[1.178s] INFO:colcon.colcon_core.shell:Skip shell extension 'powershell' for command environment: Not usable outside of PowerShell
[1.178s] DEBUG:colcon.colcon_core.shell:Skip shell extension 'dsv' for command environment
[1.185s] INFO:colcon.colcon_ros.task.ament_cmake.build:Building ROS package in '/home/mcifuentesf/ros_ws/src/very_simple_robot_simulator' with build type 'ament_cmake'
[1.185s] INFO:colcon.colcon_cmake.task.cmake.build:Building CMake package in '/home/mcifuentesf/ros_ws/src/very_simple_robot_simulator'
[1.185s] INFO:colcon.colcon_core.shell:Skip shell extension 'powershell' for command environment: Not usable outside of PowerShell
[1.185s] DEBUG:colcon.colcon_core.shell:Skip shell extension 'dsv' for command environment
[1.197s] DEBUG:colcon.colcon_core.event_handler.log_command:Invoking command in '/home/mcifuentesf/ros_ws/build/cmd_vel_mux': CMAKE_PREFIX_PATH=${CMAKE_PREFIX_PATH}:/home/mcifuentesf/ros2_ws/install/py_pubsub:/home/mcifuentesf/ros2_ws/install/my_turtlebot:/home/mcifuentesf/ros2_ws/install/mi_chatter_pkg:/opt/ros/humble /usr/bin/cmake /home/mcifuentesf/ros_ws/src/cmd_vel_mux -DAMENT_CMAKE_SYMLINK_INSTALL=1 -DCMAKE_INSTALL_PREFIX=/home/mcifuentesf/ros_ws/install/cmd_vel_mux
[1.209s] DEBUG:colcon.colcon_core.event_handler.log_command:Invoking command in '/home/mcifuentesf/ros_ws/build/iic_lab1': CMAKE_PREFIX_PATH=${CMAKE_PREFIX_PATH}:/home/mcifuentesf/ros2_ws/install/py_pubsub:/home/mcifuentesf/ros2_ws/install/my_turtlebot:/home/mcifuentesf/ros2_ws/install/mi_chatter_pkg:/opt/ros/humble /usr/bin/cmake --build /home/mcifuentesf/ros_ws/build/iic_lab1 -- -j8 -l8
[1.214s] DEBUG:colcon.colcon_core.event_handler.log_command:Invoking command in '/home/mcifuentesf/ros_ws/build/very_simple_robot_simulator': CMAKE_PREFIX_PATH=${CMAKE_PREFIX_PATH}:/home/mcifuentesf/ros2_ws/install/py_pubsub:/home/mcifuentesf/ros2_ws/install/my_turtlebot:/home/mcifuentesf/ros2_ws/install/mi_chatter_pkg:/opt/ros/humble /usr/bin/cmake /home/mcifuentesf/ros_ws/src/very_simple_robot_simulator -DAMENT_CMAKE_SYMLINK_INSTALL=1 -DCMAKE_INSTALL_PREFIX=/home/mcifuentesf/ros_ws/install/very_simple_robot_simulator
[1.265s] DEBUG:colcon.colcon_core.event_handler.log_command:Invoked command in '/home/mcifuentesf/ros_ws/build/iic_lab1' returned '0': CMAKE_PREFIX_PATH=${CMAKE_PREFIX_PATH}:/home/mcifuentesf/ros2_ws/install/py_pubsub:/home/mcifuentesf/ros2_ws/install/my_turtlebot:/home/mcifuentesf/ros2_ws/install/mi_chatter_pkg:/opt/ros/humble /usr/bin/cmake --build /home/mcifuentesf/ros_ws/build/iic_lab1 -- -j8 -l8
[1.279s] DEBUG:colcon.colcon_core.event_handler.log_command:Invoking command in '/home/mcifuentesf/ros_ws/build/iic_lab1': CMAKE_PREFIX_PATH=${CMAKE_PREFIX_PATH}:/home/mcifuentesf/ros2_ws/install/py_pubsub:/home/mcifuentesf/ros2_ws/install/my_turtlebot:/home/mcifuentesf/ros2_ws/install/mi_chatter_pkg:/opt/ros/humble /usr/bin/cmake --install /home/mcifuentesf/ros_ws/build/iic_lab1
[1.310s] Level 1:colcon.colcon_core.environment:create_environment_scripts_only(iic_lab1)
[1.311s] DEBUG:colcon.colcon_core.event_handler.log_command:Invoked command in '/home/mcifuentesf/ros_ws/build/iic_lab1' returned '0': CMAKE_PREFIX_PATH=${CMAKE_PREFIX_PATH}:/home/mcifuentesf/ros2_ws/install/py_pubsub:/home/mcifuentesf/ros2_ws/install/my_turtlebot:/home/mcifuentesf/ros2_ws/install/mi_chatter_pkg:/opt/ros/humble /usr/bin/cmake --install /home/mcifuentesf/ros_ws/build/iic_lab1
[1.318s] Level 1:colcon.colcon_core.environment:checking '/home/mcifuentesf/ros_ws/install/iic_lab1' for CMake module files
[1.319s] Level 1:colcon.colcon_core.environment:checking '/home/mcifuentesf/ros_ws/install/iic_lab1' for CMake config files
[1.321s] Level 1:colcon.colcon_core.shell:create_environment_hook('iic_lab1', 'cmake_prefix_path')
[1.322s] INFO:colcon.colcon_core.shell:Creating environment hook '/home/mcifuentesf/ros_ws/install/iic_lab1/share/iic_lab1/hook/cmake_prefix_path.ps1'
[1.323s] INFO:colcon.colcon_core.shell:Creating environment descriptor '/home/mcifuentesf/ros_ws/install/iic_lab1/share/iic_lab1/hook/cmake_prefix_path.dsv'
[1.323s] INFO:colcon.colcon_core.shell:Creating environment hook '/home/mcifuentesf/ros_ws/install/iic_lab1/share/iic_lab1/hook/cmake_prefix_path.sh'
[1.324s] Level 1:colcon.colcon_core.environment:checking '/home/mcifuentesf/ros_ws/install/iic_lab1/lib'
[1.325s] Level 1:colcon.colcon_core.environment:checking '/home/mcifuentesf/ros_ws/install/iic_lab1/bin'
[1.325s] Level 1:colcon.colcon_core.environment:checking '/home/mcifuentesf/ros_ws/install/iic_lab1/lib/pkgconfig/iic_lab1.pc'
[1.325s] Level 1:colcon.colcon_core.environment:checking '/home/mcifuentesf/ros_ws/install/iic_lab1/lib/python3.10/site-packages'
[1.325s] Level 1:colcon.colcon_core.environment:checking '/home/mcifuentesf/ros_ws/install/iic_lab1/bin'
[1.326s] INFO:colcon.colcon_core.shell:Creating package script '/home/mcifuentesf/ros_ws/install/iic_lab1/share/iic_lab1/package.ps1'
[1.327s] INFO:colcon.colcon_core.shell:Creating package descriptor '/home/mcifuentesf/ros_ws/install/iic_lab1/share/iic_lab1/package.dsv'
[1.328s] INFO:colcon.colcon_core.shell:Creating package script '/home/mcifuentesf/ros_ws/install/iic_lab1/share/iic_lab1/package.sh'
[1.329s] INFO:colcon.colcon_core.shell:Creating package script '/home/mcifuentesf/ros_ws/install/iic_lab1/share/iic_lab1/package.bash'
[1.330s] INFO:colcon.colcon_core.shell:Creating package script '/home/mcifuentesf/ros_ws/install/iic_lab1/share/iic_lab1/package.zsh'
[1.331s] Level 1:colcon.colcon_core.environment:create_file_with_runtime_dependencies(/home/mcifuentesf/ros_ws/install/iic_lab1/share/colcon-core/packages/iic_lab1)
[1.331s] Level 1:colcon.colcon_core.environment:create_environment_scripts_only(iic_lab1)
[1.332s] Level 1:colcon.colcon_core.environment:checking '/home/mcifuentesf/ros_ws/install/iic_lab1' for CMake module files
[1.332s] Level 1:colcon.colcon_core.environment:checking '/home/mcifuentesf/ros_ws/install/iic_lab1' for CMake config files
[1.332s] Level 1:colcon.colcon_core.shell:create_environment_hook('iic_lab1', 'cmake_prefix_path')
[1.333s] INFO:colcon.colcon_core.shell:Creating environment hook '/home/mcifuentesf/ros_ws/install/iic_lab1/share/iic_lab1/hook/cmake_prefix_path.ps1'
[1.333s] INFO:colcon.colcon_core.shell:Creating environment descriptor '/home/mcifuentesf/ros_ws/install/iic_lab1/share/iic_lab1/hook/cmake_prefix_path.dsv'
[1.333s] INFO:colcon.colcon_core.shell:Creating environment hook '/home/mcifuentesf/ros_ws/install/iic_lab1/share/iic_lab1/hook/cmake_prefix_path.sh'
[1.334s] Level 1:colcon.colcon_core.environment:checking '/home/mcifuentesf/ros_ws/install/iic_lab1/lib'
[1.334s] Level 1:colcon.colcon_core.environment:checking '/home/mcifuentesf/ros_ws/install/iic_lab1/bin'
[1.334s] Level 1:colcon.colcon_core.environment:checking '/home/mcifuentesf/ros_ws/install/iic_lab1/lib/pkgconfig/iic_lab1.pc'
[1.334s] Level 1:colcon.colcon_core.environment:checking '/home/mcifuentesf/ros_ws/install/iic_lab1/lib/python3.10/site-packages'
[1.334s] Level 1:colcon.colcon_core.environment:checking '/home/mcifuentesf/ros_ws/install/iic_lab1/bin'
[1.335s] INFO:colcon.colcon_core.shell:Creating package script '/home/mcifuentesf/ros_ws/install/iic_lab1/share/iic_lab1/package.ps1'
[1.335s] INFO:colcon.colcon_core.shell:Creating package descriptor '/home/mcifuentesf/ros_ws/install/iic_lab1/share/iic_lab1/package.dsv'
[1.336s] INFO:colcon.colcon_core.shell:Creating package script '/home/mcifuentesf/ros_ws/install/iic_lab1/share/iic_lab1/package.sh'
[1.336s] INFO:colcon.colcon_core.shell:Creating package script '/home/mcifuentesf/ros_ws/install/iic_lab1/share/iic_lab1/package.bash'
[1.337s] INFO:colcon.colcon_core.shell:Creating package script '/home/mcifuentesf/ros_ws/install/iic_lab1/share/iic_lab1/package.zsh'
[1.337s] Level 1:colcon.colcon_core.environment:create_file_with_runtime_dependencies(/home/mcifuentesf/ros_ws/install/iic_lab1/share/colcon-core/packages/iic_lab1)
[5.438s] DEBUG:colcon.colcon_core.event_handler.log_command:Invoked command in '/home/mcifuentesf/ros_ws/build/cmd_vel_mux' returned '0': CMAKE_PREFIX_PATH=${CMAKE_PREFIX_PATH}:/home/mcifuentesf/ros2_ws/install/py_pubsub:/home/mcifuentesf/ros2_ws/install/my_turtlebot:/home/mcifuentesf/ros2_ws/install/mi_chatter_pkg:/opt/ros/humble /usr/bin/cmake /home/mcifuentesf/ros_ws/src/cmd_vel_mux -DAMENT_CMAKE_SYMLINK_INSTALL=1 -DCMAKE_INSTALL_PREFIX=/home/mcifuentesf/ros_ws/install/cmd_vel_mux
[5.439s] DEBUG:colcon.colcon_core.event_handler.log_command:Invoking command in '/home/mcifuentesf/ros_ws/build/cmd_vel_mux': CMAKE_PREFIX_PATH=${CMAKE_PREFIX_PATH}:/home/mcifuentesf/ros2_ws/install/py_pubsub:/home/mcifuentesf/ros2_ws/install/my_turtlebot:/home/mcifuentesf/ros2_ws/install/mi_chatter_pkg:/opt/ros/humble /usr/bin/cmake --build /home/mcifuentesf/ros_ws/build/cmd_vel_mux -- -j8 -l8
[6.487s] DEBUG:colcon.colcon_core.event_handler.log_command:Invoked command in '/home/mcifuentesf/ros_ws/build/very_simple_robot_simulator' returned '0': CMAKE_PREFIX_PATH=${CMAKE_PREFIX_PATH}:/home/mcifuentesf/ros2_ws/install/py_pubsub:/home/mcifuentesf/ros2_ws/install/my_turtlebot:/home/mcifuentesf/ros2_ws/install/mi_chatter_pkg:/opt/ros/humble /usr/bin/cmake /home/mcifuentesf/ros_ws/src/very_simple_robot_simulator -DAMENT_CMAKE_SYMLINK_INSTALL=1 -DCMAKE_INSTALL_PREFIX=/home/mcifuentesf/ros_ws/install/very_simple_robot_simulator
[6.489s] DEBUG:colcon.colcon_core.event_handler.log_command:Invoking command in '/home/mcifuentesf/ros_ws/build/very_simple_robot_simulator': CMAKE_PREFIX_PATH=${CMAKE_PREFIX_PATH}:/home/mcifuentesf/ros2_ws/install/py_pubsub:/home/mcifuentesf/ros2_ws/install/my_turtlebot:/home/mcifuentesf/ros2_ws/install/mi_chatter_pkg:/opt/ros/humble /usr/bin/cmake --build /home/mcifuentesf/ros_ws/build/very_simple_robot_simulator -- -j8 -l8
[18.825s] DEBUG:colcon.colcon_core.event_handler.log_command:Invoked command in '/home/mcifuentesf/ros_ws/build/cmd_vel_mux' returned '0': CMAKE_PREFIX_PATH=${CMAKE_PREFIX_PATH}:/home/mcifuentesf/ros2_ws/install/py_pubsub:/home/mcifuentesf/ros2_ws/install/my_turtlebot:/home/mcifuentesf/ros2_ws/install/mi_chatter_pkg:/opt/ros/humble /usr/bin/cmake --build /home/mcifuentesf/ros_ws/build/cmd_vel_mux -- -j8 -l8
[18.828s] DEBUG:colcon.colcon_core.event_handler.log_command:Invoking command in '/home/mcifuentesf/ros_ws/build/cmd_vel_mux': CMAKE_PREFIX_PATH=${CMAKE_PREFIX_PATH}:/home/mcifuentesf/ros2_ws/install/py_pubsub:/home/mcifuentesf/ros2_ws/install/my_turtlebot:/home/mcifuentesf/ros2_ws/install/mi_chatter_pkg:/opt/ros/humble /usr/bin/cmake --install /home/mcifuentesf/ros_ws/build/cmd_vel_mux
[19.027s] Level 1:colcon.colcon_core.environment:create_environment_scripts_only(cmd_vel_mux)
[19.027s] Level 1:colcon.colcon_core.environment:checking '/home/mcifuentesf/ros_ws/install/cmd_vel_mux' for CMake module files
[19.028s] DEBUG:colcon.colcon_core.event_handler.log_command:Invoked command in '/home/mcifuentesf/ros_ws/build/cmd_vel_mux' returned '0': CMAKE_PREFIX_PATH=${CMAKE_PREFIX_PATH}:/home/mcifuentesf/ros2_ws/install/py_pubsub:/home/mcifuentesf/ros2_ws/install/my_turtlebot:/home/mcifuentesf/ros2_ws/install/mi_chatter_pkg:/opt/ros/humble /usr/bin/cmake --install /home/mcifuentesf/ros_ws/build/cmd_vel_mux
[19.029s] Level 1:colcon.colcon_core.environment:checking '/home/mcifuentesf/ros_ws/install/cmd_vel_mux' for CMake config files
[19.029s] Level 1:colcon.colcon_core.shell:create_environment_hook('cmd_vel_mux', 'cmake_prefix_path')
[19.029s] INFO:colcon.colcon_core.shell:Creating environment hook '/home/mcifuentesf/ros_ws/install/cmd_vel_mux/share/cmd_vel_mux/hook/cmake_prefix_path.ps1'
[19.030s] INFO:colcon.colcon_core.shell:Creating environment descriptor '/home/mcifuentesf/ros_ws/install/cmd_vel_mux/share/cmd_vel_mux/hook/cmake_prefix_path.dsv'
[19.031s] INFO:colcon.colcon_core.shell:Creating environment hook '/home/mcifuentesf/ros_ws/install/cmd_vel_mux/share/cmd_vel_mux/hook/cmake_prefix_path.sh'
[19.032s] Level 1:colcon.colcon_core.environment:checking '/home/mcifuentesf/ros_ws/install/cmd_vel_mux/lib'
[19.032s] Level 1:colcon.colcon_core.shell:create_environment_hook('cmd_vel_mux', 'ld_library_path_lib')
[19.032s] INFO:colcon.colcon_core.shell:Creating environment hook '/home/mcifuentesf/ros_ws/install/cmd_vel_mux/share/cmd_vel_mux/hook/ld_library_path_lib.ps1'
[19.033s] INFO:colcon.colcon_core.shell:Creating environment descriptor '/home/mcifuentesf/ros_ws/install/cmd_vel_mux/share/cmd_vel_mux/hook/ld_library_path_lib.dsv'
[19.033s] INFO:colcon.colcon_core.shell:Creating environment hook '/home/mcifuentesf/ros_ws/install/cmd_vel_mux/share/cmd_vel_mux/hook/ld_library_path_lib.sh'
[19.034s] Level 1:colcon.colcon_core.environment:checking '/home/mcifuentesf/ros_ws/install/cmd_vel_mux/bin'
[19.034s] Level 1:colcon.colcon_core.environment:checking '/home/mcifuentesf/ros_ws/install/cmd_vel_mux/lib/pkgconfig/cmd_vel_mux.pc'
[19.034s] Level 1:colcon.colcon_core.environment:checking '/home/mcifuentesf/ros_ws/install/cmd_vel_mux/lib/python3.10/site-packages'
[19.034s] Level 1:colcon.colcon_core.environment:checking '/home/mcifuentesf/ros_ws/install/cmd_vel_mux/bin'
[19.035s] INFO:colcon.colcon_core.shell:Creating package script '/home/mcifuentesf/ros_ws/install/cmd_vel_mux/share/cmd_vel_mux/package.ps1'
[19.035s] INFO:colcon.colcon_core.shell:Creating package descriptor '/home/mcifuentesf/ros_ws/install/cmd_vel_mux/share/cmd_vel_mux/package.dsv'
[19.036s] INFO:colcon.colcon_core.shell:Creating package script '/home/mcifuentesf/ros_ws/install/cmd_vel_mux/share/cmd_vel_mux/package.sh'
[19.037s] INFO:colcon.colcon_core.shell:Creating package script '/home/mcifuentesf/ros_ws/install/cmd_vel_mux/share/cmd_vel_mux/package.bash'
[19.037s] INFO:colcon.colcon_core.shell:Creating package script '/home/mcifuentesf/ros_ws/install/cmd_vel_mux/share/cmd_vel_mux/package.zsh'
[19.037s] Level 1:colcon.colcon_core.environment:create_file_with_runtime_dependencies(/home/mcifuentesf/ros_ws/install/cmd_vel_mux/share/colcon-core/packages/cmd_vel_mux)
[19.039s] Level 1:colcon.colcon_core.environment:create_environment_scripts_only(cmd_vel_mux)
[19.039s] Level 1:colcon.colcon_core.environment:checking '/home/mcifuentesf/ros_ws/install/cmd_vel_mux' for CMake module files
[19.040s] Level 1:colcon.colcon_core.environment:checking '/home/mcifuentesf/ros_ws/install/cmd_vel_mux' for CMake config files
[19.040s] Level 1:colcon.colcon_core.shell:create_environment_hook('cmd_vel_mux', 'cmake_prefix_path')
[19.041s] INFO:colcon.colcon_core.shell:Creating environment hook '/home/mcifuentesf/ros_ws/install/cmd_vel_mux/share/cmd_vel_mux/hook/cmake_prefix_path.ps1'
[19.041s] INFO:colcon.colcon_core.shell:Creating environment descriptor '/home/mcifuentesf/ros_ws/install/cmd_vel_mux/share/cmd_vel_mux/hook/cmake_prefix_path.dsv'
[19.042s] INFO:colcon.colcon_core.shell:Creating environment hook '/home/mcifuentesf/ros_ws/install/cmd_vel_mux/share/cmd_vel_mux/hook/cmake_prefix_path.sh'
[19.043s] Level 1:colcon.colcon_core.environment:checking '/home/mcifuentesf/ros_ws/install/cmd_vel_mux/lib'
[19.043s] Level 1:colcon.colcon_core.shell:create_environment_hook('cmd_vel_mux', 'ld_library_path_lib')
[19.043s] INFO:colcon.colcon_core.shell:Creating environment hook '/home/mcifuentesf/ros_ws/install/cmd_vel_mux/share/cmd_vel_mux/hook/ld_library_path_lib.ps1'
[19.044s] INFO:colcon.colcon_core.shell:Creating environment descriptor '/home/mcifuentesf/ros_ws/install/cmd_vel_mux/share/cmd_vel_mux/hook/ld_library_path_lib.dsv'
[19.044s] INFO:colcon.colcon_core.shell:Creating environment hook '/home/mcifuentesf/ros_ws/install/cmd_vel_mux/share/cmd_vel_mux/hook/ld_library_path_lib.sh'
[19.045s] Level 1:colcon.colcon_core.environment:checking '/home/mcifuentesf/ros_ws/install/cmd_vel_mux/bin'
[19.045s] Level 1:colcon.colcon_core.environment:checking '/home/mcifuentesf/ros_ws/install/cmd_vel_mux/lib/pkgconfig/cmd_vel_mux.pc'
[19.045s] Level 1:colcon.colcon_core.environment:checking '/home/mcifuentesf/ros_ws/install/cmd_vel_mux/lib/python3.10/site-packages'
[19.045s] Level 1:colcon.colcon_core.environment:checking '/home/mcifuentesf/ros_ws/install/cmd_vel_mux/bin'
[19.045s] INFO:colcon.colcon_core.shell:Creating package script '/home/mcifuentesf/ros_ws/install/cmd_vel_mux/share/cmd_vel_mux/package.ps1'
[19.046s] INFO:colcon.colcon_core.shell:Creating package descriptor '/home/mcifuentesf/ros_ws/install/cmd_vel_mux/share/cmd_vel_mux/package.dsv'
[19.047s] INFO:colcon.colcon_core.shell:Creating package script '/home/mcifuentesf/ros_ws/install/cmd_vel_mux/share/cmd_vel_mux/package.sh'
[19.047s] INFO:colcon.colcon_core.shell:Creating package script '/home/mcifuentesf/ros_ws/install/cmd_vel_mux/share/cmd_vel_mux/package.bash'
[19.048s] INFO:colcon.colcon_core.shell:Creating package script '/home/mcifuentesf/ros_ws/install/cmd_vel_mux/share/cmd_vel_mux/package.zsh'
[19.049s] Level 1:colcon.colcon_core.environment:create_file_with_runtime_dependencies(/home/mcifuentesf/ros_ws/install/cmd_vel_mux/share/colcon-core/packages/cmd_vel_mux)
[24.367s] DEBUG:colcon.colcon_core.event_handler.log_command:Invoked command in '/home/mcifuentesf/ros_ws/build/very_simple_robot_simulator' returned '0': CMAKE_PREFIX_PATH=${CMAKE_PREFIX_PATH}:/home/mcifuentesf/ros2_ws/install/py_pubsub:/home/mcifuentesf/ros2_ws/install/my_turtlebot:/home/mcifuentesf/ros2_ws/install/mi_chatter_pkg:/opt/ros/humble /usr/bin/cmake --build /home/mcifuentesf/ros_ws/build/very_simple_robot_simulator -- -j8 -l8
[24.370s] DEBUG:colcon.colcon_core.event_handler.log_command:Invoking command in '/home/mcifuentesf/ros_ws/build/very_simple_robot_simulator': CMAKE_PREFIX_PATH=${CMAKE_PREFIX_PATH}:/home/mcifuentesf/ros2_ws/install/py_pubsub:/home/mcifuentesf/ros2_ws/install/my_turtlebot:/home/mcifuentesf/ros2_ws/install/mi_chatter_pkg:/opt/ros/humble /usr/bin/cmake --install /home/mcifuentesf/ros_ws/build/very_simple_robot_simulator
[24.723s] Level 1:colcon.colcon_core.environment:create_environment_scripts_only(very_simple_robot_simulator)
[24.723s] Level 1:colcon.colcon_core.environment:checking '/home/mcifuentesf/ros_ws/install/very_simple_robot_simulator' for CMake module files
[24.724s] DEBUG:colcon.colcon_core.event_handler.log_command:Invoked command in '/home/mcifuentesf/ros_ws/build/very_simple_robot_simulator' returned '0': CMAKE_PREFIX_PATH=${CMAKE_PREFIX_PATH}:/home/mcifuentesf/ros2_ws/install/py_pubsub:/home/mcifuentesf/ros2_ws/install/my_turtlebot:/home/mcifuentesf/ros2_ws/install/mi_chatter_pkg:/opt/ros/humble /usr/bin/cmake --install /home/mcifuentesf/ros_ws/build/very_simple_robot_simulator
[24.724s] Level 1:colcon.colcon_core.environment:checking '/home/mcifuentesf/ros_ws/install/very_simple_robot_simulator' for CMake config files
[24.724s] Level 1:colcon.colcon_core.shell:create_environment_hook('very_simple_robot_simulator', 'cmake_prefix_path')
[24.725s] INFO:colcon.colcon_core.shell:Creating environment hook '/home/mcifuentesf/ros_ws/install/very_simple_robot_simulator/share/very_simple_robot_simulator/hook/cmake_prefix_path.ps1'
[24.726s] INFO:colcon.colcon_core.shell:Creating environment descriptor '/home/mcifuentesf/ros_ws/install/very_simple_robot_simulator/share/very_simple_robot_simulator/hook/cmake_prefix_path.dsv'
[24.726s] INFO:colcon.colcon_core.shell:Creating environment hook '/home/mcifuentesf/ros_ws/install/very_simple_robot_simulator/share/very_simple_robot_simulator/hook/cmake_prefix_path.sh'
[24.727s] Level 1:colcon.colcon_core.environment:checking '/home/mcifuentesf/ros_ws/install/very_simple_robot_simulator/lib'
[24.727s] Level 1:colcon.colcon_core.environment:checking '/home/mcifuentesf/ros_ws/install/very_simple_robot_simulator/bin'
[24.727s] Level 1:colcon.colcon_core.environment:checking '/home/mcifuentesf/ros_ws/install/very_simple_robot_simulator/lib/pkgconfig/very_simple_robot_simulator.pc'
[24.727s] Level 1:colcon.colcon_core.environment:checking '/home/mcifuentesf/ros_ws/install/very_simple_robot_simulator/lib/python3.10/site-packages'
[24.727s] Level 1:colcon.colcon_core.environment:checking '/home/mcifuentesf/ros_ws/install/very_simple_robot_simulator/bin'
[24.727s] INFO:colcon.colcon_core.shell:Creating package script '/home/mcifuentesf/ros_ws/install/very_simple_robot_simulator/share/very_simple_robot_simulator/package.ps1'
[24.728s] INFO:colcon.colcon_core.shell:Creating package descriptor '/home/mcifuentesf/ros_ws/install/very_simple_robot_simulator/share/very_simple_robot_simulator/package.dsv'
[24.728s] INFO:colcon.colcon_core.shell:Creating package script '/home/mcifuentesf/ros_ws/install/very_simple_robot_simulator/share/very_simple_robot_simulator/package.sh'
[24.728s] INFO:colcon.colcon_core.shell:Creating package script '/home/mcifuentesf/ros_ws/install/very_simple_robot_simulator/share/very_simple_robot_simulator/package.bash'
[24.729s] INFO:colcon.colcon_core.shell:Creating package script '/home/mcifuentesf/ros_ws/install/very_simple_robot_simulator/share/very_simple_robot_simulator/package.zsh'
[24.729s] Level 1:colcon.colcon_core.environment:create_file_with_runtime_dependencies(/home/mcifuentesf/ros_ws/install/very_simple_robot_simulator/share/colcon-core/packages/very_simple_robot_simulator)
[24.730s] Level 1:colcon.colcon_core.environment:create_environment_scripts_only(very_simple_robot_simulator)
[24.730s] Level 1:colcon.colcon_core.environment:checking '/home/mcifuentesf/ros_ws/install/very_simple_robot_simulator' for CMake module files
[24.730s] Level 1:colcon.colcon_core.environment:checking '/home/mcifuentesf/ros_ws/install/very_simple_robot_simulator' for CMake config files
[24.731s] Level 1:colcon.colcon_core.shell:create_environment_hook('very_simple_robot_simulator', 'cmake_prefix_path')
[24.731s] INFO:colcon.colcon_core.shell:Creating environment hook '/home/mcifuentesf/ros_ws/install/very_simple_robot_simulator/share/very_simple_robot_simulator/hook/cmake_prefix_path.ps1'
[24.731s] INFO:colcon.colcon_core.shell:Creating environment descriptor '/home/mcifuentesf/ros_ws/install/very_simple_robot_simulator/share/very_simple_robot_simulator/hook/cmake_prefix_path.dsv'
[24.732s] INFO:colcon.colcon_core.shell:Creating environment hook '/home/mcifuentesf/ros_ws/install/very_simple_robot_simulator/share/very_simple_robot_simulator/hook/cmake_prefix_path.sh'
[24.733s] Level 1:colcon.colcon_core.environment:checking '/home/mcifuentesf/ros_ws/install/very_simple_robot_simulator/lib'
[24.733s] Level 1:colcon.colcon_core.environment:checking '/home/mcifuentesf/ros_ws/install/very_simple_robot_simulator/bin'
[24.733s] Level 1:colcon.colcon_core.environment:checking '/home/mcifuentesf/ros_ws/install/very_simple_robot_simulator/lib/pkgconfig/very_simple_robot_simulator.pc'
[24.733s] Level 1:colcon.colcon_core.environment:checking '/home/mcifuentesf/ros_ws/install/very_simple_robot_simulator/lib/python3.10/site-packages'
[24.733s] Level 1:colcon.colcon_core.environment:checking '/home/mcifuentesf/ros_ws/install/very_simple_robot_simulator/bin'
[24.734s] INFO:colcon.colcon_core.shell:Creating package script '/home/mcifuentesf/ros_ws/install/very_simple_robot_simulator/share/very_simple_robot_simulator/package.ps1'
[24.734s] INFO:colcon.colcon_core.shell:Creating package descriptor '/home/mcifuentesf/ros_ws/install/very_simple_robot_simulator/share/very_simple_robot_simulator/package.dsv'
[24.735s] INFO:colcon.colcon_core.shell:Creating package script '/home/mcifuentesf/ros_ws/install/very_simple_robot_simulator/share/very_simple_robot_simulator/package.sh'
[24.735s] INFO:colcon.colcon_core.shell:Creating package script '/home/mcifuentesf/ros_ws/install/very_simple_robot_simulator/share/very_simple_robot_simulator/package.bash'
[24.736s] INFO:colcon.colcon_core.shell:Creating package script '/home/mcifuentesf/ros_ws/install/very_simple_robot_simulator/share/very_simple_robot_simulator/package.zsh'
[24.736s] Level 1:colcon.colcon_core.environment:create_file_with_runtime_dependencies(/home/mcifuentesf/ros_ws/install/very_simple_robot_simulator/share/colcon-core/packages/very_simple_robot_simulator)
[24.736s] DEBUG:colcon.colcon_parallel_executor.executor.parallel:closing loop
[24.737s] DEBUG:colcon.colcon_parallel_executor.executor.parallel:loop closed
[24.737s] DEBUG:colcon.colcon_parallel_executor.executor.parallel:run_until_complete finished with '0'
[24.737s] DEBUG:colcon.colcon_core.event_reactor:joining thread
[24.771s] INFO:colcon.colcon_core.plugin_system:Skipping extension 'colcon_notification.desktop_notification.notify_send': Could not find 'notify-send'
[24.771s] INFO:colcon.colcon_core.plugin_system:Skipping extension 'colcon_notification.desktop_notification.terminal_notifier': Not used on non-Darwin systems
[24.771s] INFO:colcon.colcon_core.plugin_system:Skipping extension 'colcon_notification.desktop_notification.win32': Not used on non-Windows systems
[24.771s] INFO:colcon.colcon_notification.desktop_notification:Sending desktop notification using 'notify2'
[24.773s] DEBUG:colcon.colcon_notification.desktop_notification.notify2:Failed to initialize notify2: org.freedesktop.DBus.Error.ServiceUnknown: The name org.freedesktop.Notifications was not provided by any .service files
[24.773s] DEBUG:colcon.colcon_core.event_reactor:joined thread
[24.774s] INFO:colcon.colcon_core.shell:Creating prefix script '/home/mcifuentesf/ros_ws/install/local_setup.ps1'
[24.775s] INFO:colcon.colcon_core.shell:Creating prefix util module '/home/mcifuentesf/ros_ws/install/_local_setup_util_ps1.py'
[24.776s] INFO:colcon.colcon_core.shell:Creating prefix chain script '/home/mcifuentesf/ros_ws/install/setup.ps1'
[24.777s] INFO:colcon.colcon_core.shell:Creating prefix script '/home/mcifuentesf/ros_ws/install/local_setup.sh'
[24.778s] INFO:colcon.colcon_core.shell:Creating prefix util module '/home/mcifuentesf/ros_ws/install/_local_setup_util_sh.py'
[24.778s] INFO:colcon.colcon_core.shell:Creating prefix chain script '/home/mcifuentesf/ros_ws/install/setup.sh'
[24.780s] INFO:colcon.colcon_core.shell:Creating prefix script '/home/mcifuentesf/ros_ws/install/local_setup.bash'
[24.780s] INFO:colcon.colcon_core.shell:Creating prefix chain script '/home/mcifuentesf/ros_ws/install/setup.bash'
[24.782s] INFO:colcon.colcon_core.shell:Creating prefix script '/home/mcifuentesf/ros_ws/install/local_setup.zsh'
[24.782s] INFO:colcon.colcon_core.shell:Creating prefix chain script '/home/mcifuentesf/ros_ws/install/setup.zsh'
